1	1	1.39816865605557	1.43261945291132	1.41583764431643	1.41295028828942	0.120600309757744	0.00557705387456567	0.0660655533226929
1	2	1.47340358019773	1.49997964297097	1.4929140324847	1.49028282414492	0.199475038864033	0.00160628173191636	0.0471417634142386
1	3	1.53817122449415	1.5661235690652	1.65413277144177	1.75692387576499	0.00729394186228847	0.0312335295138551	0.0828011333136561
1	4	1.88034544045588	1.89762562520763	1.87504838314217	1.74523696344125	0	0.00324260590857335	0.0285170400515011
1	5	2.23007797250096	2.23912232709074	2.20487650616863	2.19216530121965	0	0.0121244064299122	0.0512833907303851
2	1	1.40491278745053	1.42767247456829	1.42540826712181	1.42456230667163	0.101072201710966	0.00763606986377151	0.0684438788708041
2	2	1.4645070031442	1.48994002219146	1.48270527320837	1.47781303467125	0.18141946812396	0.00209985753140795	0.0471417634142386
2	3	1.5453409960247	1.52171608078845	1.64796515414021	1.78680940761433	0.00273154613987351	0.0387810805184176	0.100465758040179
2	4	1.8853458608686	1.89563195754485	1.88040344006006	1.75137021948687	0	0.0135049473439072	0.0334461827362804
2	5	2.25007576808492	2.22737551418487	2.22515265526228	2.18889552108899	0	0.00681912210452896	0.0383013043751961
3	1	1.4019018279532	1.44364645304325	1.41260715119801	1.42630681172003	0.0963635611699086	0.00763606986377151	0.0684438788708041
3	2	1.47654920857761	1.49830843400953	1.4939514069147	1.48727164668225	0.212643860854026	0.00209985753140795	0.0471417634142386
3	3	1.55671583344594	1.5625438970545	1.69686909198696	1.71987786701484	0.353054640944889	0.0238736542822556	0.0849982464630231
3	4	1.88827905906993	1.86680800921207	1.87405012105556	1.76117612709773	0	0.0150605432760341	0.0391615718496547
3	5	2.2334737997239	2.24832271221186	2.2288840992803	2.18446806613121	0	0.0302522683757966	0.0383916636868551
4	1	1.46588166664652	1.4954413947357	1.48796302063341	1.48293197787312	0.181857935279298	0.00280815996597518	0.0471417634142386
4	2	1.38907690460423	1.44060436141062	1.40932583984177	1.42329325534706	0.0968300673776913	0.0103883540511288	0.0716104790065667
4	3	1.53416945049858	1.55593956429216	1.6702273966832	1.7792493042271	0.102071600005598	0.0321413114725604	0.0770087003353353
4	4	1.89075877966009	1.90357280253458	1.87058947853405	1.736216067204	0	0.00199509196009567	0.0332690768934094
4	5	2.21831499107682	2.25302201230086	2.23161552095363	2.22287879126874	0	0.00796418109640422	0.0439906947221982
5	1	1.45301611923081	1.4842456232896	1.47654928865221	1.47542283176495	0.202325171053754	0.00280815996597518	0.0471417634142386
5	2	1.41654119736345	1.46780619194571	1.44301884739475	1.44369447225069	0.111193153756988	0.00413703513186168	0.0733329521126613
5	3	1.54034049549593	1.58466053057945	1.69830911640442	1.73222831662722	0.0126010180307797	0.0129220951340318	0.107977898946633
5	4	1.87582070851397	1.87811601491203	1.86706925677453	1.74971016304937	0	0.00086362483068877	0.0406436126374966
5	5	2.23708008990065	2.22806699493552	2.21725729636705	2.16930155586228	0	0.0166111278456165	0.0436105041053246
6	1	1.41299220664338	1.44512685211724	1.4281425167688	1.4307898281825	0.088800857406678	0.0114949147610957	0.0733329521126613
6	2	1.454889786129	1.48891904940361	1.47743281409674	1.47800152705854	0.188591717048031	0.000652795304462732	0.0471417634142386
6	3	1.54763014828093	1.54300448216523	1.64653911149016	1.76884250921629	0.0401025052233396	0.0254243334846001	0.0958741863775844
6	4	1.89187431918202	1.89365858718791	1.87453720747484	1.76457816551781	0	0.00158899963689411	0.0366542310042301
6	5	2.26699587538471	2.24224216286949	2.24479671039631	2.17515403966701	0	0.0223510399621804	0.0421133404949008
7	1	1.39846219582194	1.42741811709866	1.4060111311936	1.41071671063638	0.0788672617697271	0.0102037916227639	0.0662715412116739
7	2	1.46299620344496	1.49495731367446	1.48387675374065	1.48429062343254	0.195186424359649	0.000652795304462732	0.0471417634142386
7	3	1.56775465162787	1.54585584078219	1.65180716466952	1.74976346414911	0.120943025753396	0.00234350746919022	0.0916743387580011
7	4	1.88558776523203	1.87777988589118	1.86881390696833	1.73099607041284	0	0.00518541037295121	0.038289251321655
7	5	2.24280663779991	2.22734643490774	2.22461537315651	2.18501134080801	0	0.0153637448991568	0.0344090025645621
8	1	1.46445664462356	1.49420266184485	1.48477482731183	1.48852287439771	0.199650994716215	0.0022702657173384	0.0471417634142386
8	2	1.39628766353982	1.43602771859943	1.4112645069595	1.42374497581959	0.137738296699691	0.00684845048899339	0.0709921074522966
8	3	1.52150220379086	1.57169722478352	1.63976643807595	1.74385638811758	0.00806461153388818	0.0219627101749218	0.0840619705636722
8	4	1.87521924142129	1.88878862959431	1.86203103032864	1.74247356889355	0	0.00374628996695921	0.0277378850829739
8	5	2.21302498715365	2.23933841709295	2.22798542653554	2.20523979338998	0	0.000341868067816895	0.0390510019457667
9	1	1.46769987730529	1.49389478398261	1.49057408914342	1.48913457665082	0.214116868946166	0.0020537184208165	0.0476549313399034
9	2	1.37979733695316	1.42342413785796	1.39664129830682	1.40041031512631	0.109962831845705	0.00720817562945199	0.0699745292563289
9	3	1.5945377137703	1.55469546055942	1.69827412309476	1.75244934878175	0.473909322586265	0.0539110721682987	0.0969885625442245
9	4	1.89096467783877	1.90828700914447	1.86684645500903	1.75469942783617	0	0.011808141797163	0.0341095700667718
9	5	2.23740869449435	2.21710012664815	2.2206770176952	2.21236763590993	0	0.00406725676629329	0.0378691455803763
10	1	1.45204000363349	1.47813748086142	1.47245717195313	1.4703129375095	0.210712102497384	0.0020537184208165	0.0476549313399034
10	2	1.43364076842976	1.47619880235648	1.4473568609852	1.45064530162208	0.0795289269941782	0.000605820559158824	0.0765496395949075
10	3	1.53691766874965	1.52869999966918	1.65420692714126	1.74729774478487	0.126764734617291	0.0281540134714746	0.0926472930062036
10	4	1.89871956387326	1.87880722642119	1.85666751559023	1.73614582750378	0	0.00837583598233972	0.0309095824021943
10	5	2.24928467616039	2.22310671978035	2.21164021642072	2.18634012375193	0	0.0263561591389464	0.0423825447003731
11	1	1.46044564440228	1.48561231828272	1.48207887302847	1.47932373897348	0.176438481062675	0.000143059835877787	0.0484230728980226
11	2	1.41271728389633	1.44421403498675	1.42370729491495	1.43520670961337	0.0958242477335354	0.0070399492853632	0.0676873386975793
11	3	1.56986170530327	1.59893459290925	1.6868364055363	1.73461997774232	0.00436100540449608	0.0601021500206366	0.126445512278255
11	4	1.88816938200811	1.88430080578019	1.8698923608339	1.73583241470645	0	0.0119356384543832	0.0413271827332064
11	5	2.24726605135921	2.201327277089	2.19130604951759	2.17902351769929	0	0.0344188620359048	0.0434557439210679
12	1	1.39497811023637	1.44409723981983	1.41950816229228	1.41232624103554	0.0581835325705147	0.0106179596687573	0.0722492565248755
12	2	1.46784672111717	1.49307387910476	1.48942700636296	1.48670186027171	0.210881043382772	0.000143059835877787	0.0486312417747755
12	3	1.55517727858931	1.54291526209215	1.65471922638715	1.76571359838919	0.0258540039173552	0.00263369594491854	0.0940574526678579
12	4	1.8945818960151	1.86682107871399	1.86596790601186	1.74656403243792	0	0.0237350623495474	0.0302029761922256
13	1	1.41162637236016	1.46091274971874	1.42998736633126	1.42951771238889	0.102388117897479	0.00866276291509898	0.0686105651853386
13	2	1.46990022586438	1.49491638197504	1.49158312166069	1.48887499190013	0.207435770788367	0.000143059835877787	0.0473450462944823
13	3	1.59330139519951	1.51644013000689	1.6544589806957	1.74112982271819	0.0230958611585731	0.0130647459576911	0.119260958933652
13	4	1.8859187757144	1.90446916250823	1.86588017364781	1.74836821298652	0	0.00356672415974379	0.0332679357869038
14	1	1.40296499265302	1.43527741833581	1.41912877784788	1.41567078378515	0.099884117756197	0.00222321089896579	0.0686105651853386
14	2	1.47681076023781	1.50019854674008	1.49604197642876	1.49410350491782	0.213898150654193	0.00364552499013298	0.0473450462944823
14	3	1.55136654640698	1.54321377493199	1.63938173207512	1.79408924144918	0.0199736116713345	0.0169800159216547	0.0938573664209727
14	4	1.87978809234552	1.90144589701803	1.87492866177084	1.76835886570051	0	0.037115948699188	0.0311077909452225
15	1	1.40052361490755	1.42773939367068	1.40574718782201	1.38760869025309	0.0877160519532173	0.00604943390072169	0.0764753489773036
15	2	1.47596711077322	1.50494647860289	1.49630885380571	1.49658348530894	0.197317169467152	0.00364552499013298	0.0473450462944823
15	3	1.50354069695249	1.56712539350854	1.61685406979575	1.7148669106076	0.153399343018742	0.0833081308276842	0.121734338544763
15	4	1.86045464150222	1.90563172606266	1.84378967101472	1.76584310786038	0	0.000632507421588761	0.0438019428387386
16	1	1.41979747036327	1.46032246369823	1.42312816872565	1.42473571068491	0.123340536787914	0.000447681633873269	0.0764753489773036
16	2	1.46684507596407	1.49225290844995	1.48889086221124	1.49023743323676	0.199498808322737	0.00562719859625579	0.0473450462944823
16	3	1.58189388513834	1.56043825124137	1.64931433052816	1.73877244003773	0.0984115899336308	0.165561079184664	0.102166230758202
16	4	1.86972546112829	1.89349435206311	1.87062717492722	1.72949807953315	0	0.00852332628913403	0.0289456682342591
17	1	1.4036493817149	1.44464010418829	1.40664542591862	1.41010376329112	0.093724017530191	0.000447681633873269	0.0748598078570376
17	2	1.47775052941748	1.50712656505556	1.49859611796473	1.4987384023899	0.209194549291093	0.00562719859625579	0.0442281850794442
17	3	1.53514996273907	1.50158474338124	1.62599433551352	1.71342056571629	0.0377812205067835	0.0182586850796218	0.118792762191798
17	4	1.89015966072725	1.89452314914826	1.85745478233773	1.72907195906265	0	0.0164099250024064	0.0305523778440952
18	1	1.40162120499428	1.43692594236491	1.40780502747602	1.41898844198323	0.0838446493769591	0.0030260769097121	0.066108361054817
18	2	1.48884786715669	1.51171497062196	1.50880498850228	1.50860129029327	0.23657889745588	0.00562719859625579	0.0458877802919514
18	3	1.58571786662518	1.53323053043683	1.69614790193149	1.76674289767884	0.0115578044131269	0.0472912276402708	0.0876913782137129
18	4	1.87644726928129	1.88459895537521	1.86641588979684	1.75153918151431	0	0.00777743926047461	0.032437742602194
19	1	1.38187190528441	1.41617050773216	1.38504271865342	1.39746363688285	0.108204391998797	0.0030260769097121	0.066108361054817
19	2	1.48570592523895	1.50696083913024	1.5041605950969	1.50235869214169	0.20095183977058	0.00562719859625579	0.0469634153412666
19	3	1.58257993120303	1.57826478148338	1.63317148549719	1.77604324004632	0.00300754105296371	0.0293325040816298	0.0885948683718951
19	4	1.88795637642362	1.88526936494449	1.85315086583638	1.74121954058068	0	0.000763776519534098	0.0478834467038303
20	1	1.4377049922944	1.47068768613774	1.44144997773394	1.45289378282381	0.133678159368176	0.000172659984694802	0.0716588017600158
20	2	1.46865580533715	1.49432795998578	1.48557375540044	1.48213019720673	0.212273030939524	0.00692899682520583	0.0469634153412666
20	3	1.55857461078052	1.53000167077259	1.64042161239588	1.78472738736534	0.0361302787668089	0.0530917095272617	0.0983643045392484
20	4	1.86599306653105	1.90210121734269	1.86578086314833	1.69416475762618	0	0.0412969971554378	0.0512820670829457
21	1	1.41265191049963	1.44591350763099	1.41669425218169	1.42773565063496	0.0833692440600472	0.000172659984694802	0.0734252600140256
21	2	1.47116794478216	1.49795663133387	1.49504300129119	1.48632055657611	0.212924081779842	0.0025945689007039	0.0473577618790094
21	3	1.53064582595146	1.56415032777793	1.67243764159728	1.76179584572127	0.0152222178918451	0.0240748341921555	0.128777985978168
21	4	1.87449124682392	1.91150890395185	1.85386231630746	1.74875585652932	0	0.00734150636201276	0.0405565227246512
22	1	1.47184009010306	1.49543782614305	1.49098910073914	1.48597364376838	0.210504917385717	0.000425719181048755	0.0482267646376918
22	2	1.41790092229682	1.45453810834407	1.42164272398242	1.43265402886074	0.092904353375132	0.00418829487434814	0.0734252600140256
22	3	1.59420125078825	1.55505941327843	1.69390019311709	1.78718646998392	0.0594048749590526	0.0686774951295354	0.100813998474408
22	4	1.88403927536074	1.88959051588773	1.86536926477139	1.73640355194845	0	0.00734150636201276	0.0279764121265382
23	1	1.41656904693839	1.45260322181848	1.42843578634205	1.42455077101193	0.126706080955496	0.00418829487434814	0.0646498199492736
23	2	1.48138393884437	1.5046214872075	1.49975172950746	1.49478977076829	0.266410515378165	0.000425719181048755	0.0483466208786009
23	3	1.56791842221594	1.55205942372816	1.60252089909644	1.74625741423545	0.0145562900279624	0.0543807061041196	0.0797550870512685
23	4	1.9127833427752	1.89416607563919	1.88868655511116	1.72629541475266	0	0.0150675542697892	0.0318379161372562
24	1	1.46613219799319	1.48914112988092	1.48394450267412	1.48002482996303	0.20530823853808	0.000425719181048755	0.0459669981889328
24	2	1.4292420402558	1.47613774765642	1.44556209776175	1.4385638465117	0.115774929290241	0.00754515231184842	0.0716073323583773
24	3	1.53649200749916	1.5600107354021	1.64366384199364	1.72418904230588	0.206708825109364	0.0110462255694154	0.105562228192573
24	4	1.89143021946113	1.89166109950193	1.85326246786581	1.7483572614233	0	1.66371696271664e-05	0.0306867595271554
25	1	1.40349965883182	1.43475259989862	1.4157473110683	1.41942824050046	0.115954487992385	0.00710401324482725	0.0716073323583773
25	2	1.47672570969483	1.50692120095628	1.50011073535454	1.49738535985152	0.207636326871341	0.00945149132337457	0.0459669981889328
25	3	1.59757131734751	1.52952503837098	1.63337705701153	1.76413233697935	0.0177003867885668	0.0530457115340533	0.0981967370915993
25	4	1.84845972237437	1.87871386991595	1.83990153574562	1.77200852899912	0	0.0240897996749189	0.0351087215100517
26	1	1.39829084396842	1.44491279928557	1.42871482874417	1.42947997507781	0.134969478356641	0.00130672385062724	0.0720428454804239
26	2	1.47943681171289	1.49784406545926	1.49436586228601	1.49043890748254	0.214837777056494	0.00431451969480535	0.0480684453162873
26	3	1.55795455734181	1.54802317976907	1.63338474480465	1.75369030834788	0.00468903959460192	0.0257512592511467	0.121149400850977
26	4	1.8780253821936	1.90735888060165	1.86244891703438	1.74961235702746	0	0.00733119340535323	0.0300023191422285
27	1	1.4831668153498	1.50129979094486	1.49748344944896	1.49544164899481	0.209463215444943	0.00173724378270944	0.0480684453162873
27	2	1.40256305610558	1.44039858425012	1.42328575219808	1.43028704686848	0.0939836197300242	0.007666965734517	0.0720428454804239
27	3	1.87173755399715	1.91983747738378	1.88200312362982	1.74219257409598	0	0.0117380027293442	0.0362386297882966
27	4	1.53398805620554	1.69519322471116	1.74238506383132	1.76585317154516	0	0.0240982632650127	0.111974950394067
28	1	1.46900684745578	1.49229382207889	1.48724880556648	1.48800880320256	0.248512151744156	0.00433412422306205	0.0480684453162873
28	2	1.42310057815392	1.45431674310434	1.43605262875548	1.43217463546926	0.0706130685140463	0.00305749255245057	0.0720428454804239
28	3	1.54900436107568	1.54694869786255	1.68287870096356	1.74441801982234	0.475036659133241	0.0298123404841785	0.115109389314621
28	4	1.86600105290563	1.87724329149513	1.85258054930713	1.74025703699503	0	0.00989615097860676	0.0307295971370431
29	1	1.40708526289334	1.44335491296204	1.41853804827975	1.41914380692233	0.113537948304074	0.0124499844456132	0.0720428454804239
29	2	1.47383166044061	1.49677508278216	1.49109279641938	1.49236717987883	0.23167399441723	0.000328017868990162	0.0480684453162873
29	3	1.55832497392628	1.58215941409013	1.62466645035282	1.75566470709392	0.0375290971336579	0.0735125927760695	0.0831887498005704
29	4	1.89172049856899	1.91422798704239	1.88400552101724	1.74219490236931	0	0.00696285266716993	0.0416565470309938
30	1	1.47734660722142	1.50060648173896	1.49497609259954	1.49628501822512	0.204554195993213	0.000328017868990162	0.0488580590915284
30	2	1.40870063448984	1.43610235871843	1.4084566350716	1.42650722155657	0.0677428472280858	0.00395134562454897	0.0700970467618076
30	3	1.53865030463095	1.58845091262842	1.64109148412228	1.74275219999913	0.485762966875205	0.0206600241901091	0.121757888956007
30	4	1.87801100082251	1.88250084596698	1.86633004548679	1.72426301863687	0	0.0131822525619746	0.0256565116284245
31	1	1.42317264813047	1.46613945664249	1.43706241249242	1.43687233388091	0.123590570748518	0.013513899830498	0.0690817475656957
31	2	1.46945351635346	1.49254926916644	1.48311021516663	1.48414601722118	0.201577701851038	0.00481214339371151	0.0466404300659649
31	3	1.53015590300136	1.57790373720456	1.61886563883548	1.74079665457516	0.031657987304403	0.0567597675491133	0.0947233056375864
31	4	1.89625296661921	1.90945188831864	1.87457142535838	1.74560464053514	0	0.0227701707522182	0.027216210234444
32	1	1.40062736720512	1.43909426018529	1.41360823985324	1.42301961021262	0.0972673030773354	0.00715449527903979	0.0690817475656957
32	2	1.47999844980458	1.50515184307467	1.49874543337165	1.49803900075679	0.208652593496158	0.00493201022635488	0.0466404300659649
32	3	1.57334409014158	1.55001343242542	1.66478162826177	1.76552841468664	0.295926316530217	0.0605263506306371	0.0886160298664692
32	4	1.88900483657278	1.89124031866481	1.8519626883898	1.75328960171103	0	0.00345034168049899	0.0314575227739607
33	1	1.395103511167	1.4156970333453	1.39875433852522	1.39667897693642	0.102445039803362	0.00082594573099848	0.0731486240772827
33	2	1.48498972190279	1.50824581337832	1.50186126811059	1.50142513478167	0.200805029091644	0.00380752798418688	0.0466404300659649
33	3	1.5477609286548	1.58568805044006	1.6706771155152	1.73683893406987	0.0141031663966068	0.0190564094279162	0.100033204195789
33	4	1.87127401796896	1.88667395708906	1.86091588404674	1.73880460429725	0	0.000650685240132468	0.0329618538201727
34	1	1.42285155270604	1.45181373537986	1.43252051623272	1.42885214092009	0.0870534924973319	0.00523698783968251	0.072714731936337
34	2	1.46907807189724	1.49229474217936	1.48513096208315	1.4874853921067	0.204074881651167	0.00389270779607562	0.0466404300659649
34	3	1.56829218819431	1.55148540250174	1.60304352604949	1.7277341459268	0.0246721111327525	0.0266096120678376	0.082864005432397
34	4	1.87857585156474	1.89307433542115	1.86377814938204	1.7299425451845	0	0.00289017128052227	0.0286839868878194
35	1	1.4309430825925	1.46406944952444	1.44344309125461	1.43983495678708	0.0972532075806321	0.00181420468201476	0.071903616485706
35	2	1.46986281320958	1.49801093674202	1.49027943037908	1.49037349989881	0.210895784979312	0.00412153680210855	0.0456484112443648
35	3	1.51951224966054	1.53992634224588	1.64536800327388	1.77340109473581	0.0720112839159407	0.0571982775093477	0.0783517304599634
35	4	1.86291486091967	1.88698205453695	1.87653962315881	1.73814709072327	0	0.0184153385712765	0.0357799179177211
36	1	1.40877739652451	1.43866877323384	1.42304971742622	1.41943886466554	0.104475076643301	0.00368277726490546	0.0713408646220363
36	2	1.47635197367374	1.50391449086007	1.49782088655715	1.49557877329954	0.221249385839414	0.000849190944411591	0.0456484112443648
36	3	1.54549171316743	1.56778215114245	1.62772232835834	1.78291360376049	0.182015334607735	0.0910292476674915	0.0824545415845966
36	4	1.87117796077664	1.88257423984778	1.86856763775845	1.71391018963425	0	0.0214622734788154	0.0364589465284402
37	1	1.41546881294481	1.44099496113487	1.41914197278709	1.41681309803463	0.10882817497634	0.00224056787530562	0.0703981160846395
37	2	1.47132585386745	1.49982273491649	1.49343116283574	1.49096191466178	0.197403248850316	0.000232850447544363	0.0456484112443648
37	3	1.51700882649566	1.57261996027497	1.62350805979893	1.78720742319273	0.612142216580553	0.0978186620499066	0.085474373206654
37	4	1.88327097644218	1.90023765007913	1.86986068511612	1.73744713515874	0	0.0117246059797997	0.0237062144059587
38	1	1.42459282459906	1.44254449838305	1.41502937719388	1.42940470111564	0.10864544885113	0.00728178249673551	0.0703981160846395
38	2	1.46790217107388	1.50172583088744	1.49254083315896	1.48522722541037	0.259681097713415	0.00417706783818705	0.0456484112443648
38	3	1.4747203586882	1.50602629587805	1.55077408395399	1.67197245951182	0.13133699983696	0.0893403911632868	0.100571265586798
38	4	1.8784193783545	1.90831487272515	1.86655658906058	1.74435561113416	0	0.00360201769148992	0.0372026525456133
39	1	1.39311142571095	1.42597850979492	1.39983367867226	1.40289645090247	0.0953288525430083	0.00901803661551607	0.0675129653560711
39	2	1.48353081964253	1.51262423341861	1.5057493109986	1.50203619793535	0.22897925060715	0.00417706783818705	0.0456484112443648
39	3	1.56545425046935	1.59435012023832	1.65409256672559	1.74011457770726	0.119028684187587	0.067392713207815	0.0861750861346237
39	4	1.86449006186742	1.90799145667042	1.88852967366453	1.7216702403661	0	0.0353125322646213	0.0263447299609952
40	1	1.39865500305633	1.42735168939676	1.40898119510981	1.41387543362525	0.107802780841319	0.0137180366111175	0.0708068329660648
40	2	1.47999403712577	1.50507220635948	1.49826328266953	1.49889821880077	0.208157117947562	0.00316262882008187	0.0470856669599778
40	3	1.51102764425743	1.55019220986834	1.652680644201	1.77978606794844	0.102151014807376	0.0433535413667739	0.0883422512877762
40	4	1.88135075802777	1.89204914223797	1.84033600753491	1.75443158865202	0	0.02575354992091	0.0326643601700175
41	1	1.39671682930941	1.42649242381196	1.40413525065539	1.41256803038004	0.0925158281593562	0.00845490033533305	0.0687454489416581
41	2	1.47540560304626	1.50210996122161	1.49747888894307	1.49412880273	0.211983163309575	0.00397929815332793	0.0470856669599778
41	3	1.55276580779995	1.51891395352546	1.66336467204683	1.70781441655118	0.00233405826443762	0.00169051745352528	0.103279038163248
41	4	1.8709482083363	1.89093435630717	1.86169484372296	1.75176607570609	0	0.00545934590336627	0.0337504491987695
42	1	1.40308137509926	1.44000490189129	1.40657958046105	1.40849873832651	0.103457325627098	0.00942546349992958	0.0670402872941696
42	2	1.47718072614821	1.5020981617959	1.49617886609334	1.49417815803233	0.235498320705922	0.00307034378128185	0.047948872857459
42	3	1.54609067436196	1.56441798672283	1.64309040822369	1.77730994841712	0.017130343255893	0.0192011563418741	0.106539255135693
42	4	1.89524857856227	1.8961567441707	1.8886285912995	1.75956845634761	0	0.0163388397946271	0.0414881912773729
43	1	1.41167053642104	1.44909782370636	1.42635439447486	1.4380515528534	0.100628472813562	0.00942546349992958	0.0670402872941696
43	2	1.47763801945477	1.50046638225157	1.49502000077162	1.49359342135585	0.273567111058908	0.00307034378128185	0.0484051068336523
43	3	1.56668322429433	1.57798847186575	1.66969625394675	1.71375127173875	0.0277788566439473	0.0110216868779967	0.0902981289733986
43	4	1.8717508361903	1.90211751996577	1.86698340721202	1.74629985408346	0	0.0160732256620841	0.0334551719329252
44	1	1.39741855718909	1.43301308050712	1.4168880475148	1.42279172552171	0.0833620141680159	0.000186507776738589	0.0670402872941696
44	2	1.48062931667695	1.50648154485926	1.49969228052653	1.4946156307038	0.233998489553476	0.00112754839403519	0.0484051068336523
44	3	1.52307404928261	1.56244536359927	1.64276061709615	1.72858685335307	0.0453539477562952	0.0273572547941435	0.122195835270219
44	4	1.88008418622467	1.8888915018564	1.85854468884061	1.759405774382	0	0.0108975439476968	0.0342162150525982
45	1	1.43224975993857	1.46650451591299	1.4488213734297	1.45372925316722	0.127443661747095	0.00406118803005739	0.0664782645167571
45	2	1.46468647889898	1.49117739577577	1.48313920775274	1.47971139047647	0.247756540804756	0.00112754839403519	0.0484051068336523
45	3	1.53762942228518	1.53614248311608	1.70205104662745	1.76527111264876	0.0196455351725786	0.0835334456604446	0.0927161897673405
45	4	1.88822335870875	1.89378807122497	1.85032760403484	1.74429829021669	0	0.00698926122047399	0.0483326470049509
46	1	1.3955884760221	1.43697759025173	1.41762185939502	1.41853727527838	0.110192050778073	0.00908287886302689	0.0678740423535891
46	2	1.48318160188766	1.50736347287696	1.49976661655771	1.49739934503693	0.196042881780928	0.00112754839403519	0.0473286524786477
46	3	1.54364251909624	1.53332677533492	1.65951137609423	1.7707875538878	0.0121250792563181	0.0245893240035971	0.0939365808823673
46	4	1.84400143216017	1.92122087932236	1.84194063687003	1.73232444133956	0	0.147250763530944	0.0377538983023222
47	1	1.39497429120716	1.41987757536368	1.40892470044996	1.39968938560902	0.0717923797696575	0.00476490184545303	0.0653795736486389
47	2	1.49685160521791	1.51958728284705	1.51391383815796	1.51139275724728	0.206560011131009	0.00168509364848945	0.0473286524786477
47	3	1.54935151807274	1.57517056123605	1.67418732787194	1.7683072854684	0.0705072766826048	0.0656289232893572	0.114254321036101
47	4	1.88916512587985	1.89723614381637	1.86591377774044	1.7563036985724	0	0.00684593072220314	0.0240836321117086
48	1	1.40129376675004	1.42671116440953	1.40655560993317	1.40565820185889	0.0994003082751116	0.0206183780817755	0.0690775932008833
48	2	1.4887373641649	1.51217503651031	1.50638204799137	1.50174393552272	0.22880852448561	0.00168509364848945	0.048535141957503
48	3	1.58285051063032	1.54446445742415	1.64842295890099	1.75636164830268	0.280207472151985	0.0630431804043921	0.0870324879520629
48	4	1.88042045621038	1.88792400008442	1.87765969698485	1.72879136749683	0	0.000679413194138135	0.0244764155330219
49	1	1.40423981306602	1.44312914902257	1.42519245407395	1.42185560193143	0.110069490949794	0.000864243047336295	0.0705983635477992
49	2	1.47964544014496	1.50504487542281	1.49904374701356	1.49671750099349	0.227786609118406	0.00542209048968158	0.048535141957503
49	3	1.56014628871815	1.55677135152695	1.67981606645458	1.76980473097712	0.0513500732730566	0.0496292560748239	0.0868403957454907
49	4	1.87809193995164	1.88553008763356	1.87514264650357	1.73306886747471	0	0.000163168683756286	0.0308975867427963
50	1	1.48121609351392	1.49827132106235	1.49568920002229	1.49647333460634	0.234700867840153	0.0018070016560766	0.0476666620489505
50	2	1.38546239922239	1.42562309084794	1.39964570857205	1.4055337249839	0.0778037723967762	0.00375525600941473	0.0688231343587612
50	3	1.51916794730753	1.53903914713501	1.64182363608037	1.73915422593238	0.00235086101319404	0.0571613512484316	0.111771909354446
50	4	1.8784336476436	1.90160851014596	1.88238548649932	1.74608462483802	0	0.00474443584647508	0.0285167855544962
51	1	1.4050428870241	1.43854172794216	1.42261935295982	1.42836031728416	0.0937927412870298	0.00950988918202753	0.068544598153041
51	2	1.47942208359964	1.50183303895178	1.49419960436702	1.49518706527791	0.222509658069493	0.00475676483814019	0.0476666620489505
51	3	1.5698384279586	1.54068352247368	1.6571184004582	1.76925824480394	0.039279135664736	0.0497113203846238	0.078243452987248
51	4	1.88519132652755	1.87793287029682	1.88984597696799	1.76701235947021	0	0.0306802285166282	0.0412390643125257
52	1	1.47084557926219	1.49399204912305	1.48870666203894	1.48548596996305	0.236085995082646	0.0044772006766519	0.0476666620489505
52	2	1.42198030717744	1.45375524524038	1.43782546504214	1.44501631926133	0.108425685260473	0.00791770446303019	0.0731234577434688
52	3	1.49463027774372	1.54626745824796	1.63118071613764	1.77248556898716	0	0.0943906518727017	0.0966974477912411
52	4	1.81599426216762	1.88756992346937	1.8836766075884	1.75804936905184	0	0.0420043749680167	0.0521175352216107
53	1	1.40689255134504	1.44458040000351	1.42592150294767	1.42554768973993	0.0981507203301258	0.0054403901399262	0.0718850725749722
53	2	1.4688420702404	1.49868527382403	1.4901912929619	1.48600595142828	0.180903005972975	0.0044772006766519	0.0476666620489505
53	3	1.53900757522459	1.54524494331324	1.63038525982821	1.78468112746503	0.130569118344803	0.0719582554097007	0.0894136452625008
53	4	1.89551683274137	1.90468763668886	1.86407533471858	1.73034435321242	0	0.00253365042054608	0.0327085389057652
54	1	1.40232426251482	1.44508783600041	1.42268273323712	1.43167128280537	0.112710372927129	0.0127823945118705	0.0686653736981862
54	2	1.47691684292976	1.50496906920354	1.49568646763802	1.49450909274191	0.228197151196575	0.0044772006766519	0.0476666620489505
54	3	1.53618956079961	1.51140906035571	1.6101297520765	1.71300676606601	0.00747990648695931	0.0401464994060571	0.0805399992617509
54	4	1.90306955866941	1.89348487490464	1.89590802622126	1.73548977270951	0	0.040169078471522	0.0450333168001184
55	1	1.42993090724684	1.45347425634187	1.43461374778349	1.43224769518816	0.0934104001452266	0.000494151273934967	0.0686653736981862
55	2	1.47672646037862	1.49849767514048	1.49301398964532	1.49114766853038	0.217777748416287	0.0044772006766519	0.0476666620489505
55	3	1.56387950505051	1.61412950782926	1.63807236474836	1.77935702631475	0.00941528688433578	0.0143507824243774	0.111502574076073
55	4	1.88108433509787	1.90045368117324	1.8834092665154	1.73686601612805	0	0.00955545619001846	0.0257695984124292
56	1	1.40606878292276	1.42766390061982	1.41100800628281	1.40671324053242	0.118263637332502	0.00251695741161397	0.0679057439929803
56	2	1.48299586147417	1.50500675440462	1.50005551584959	1.4972013295049	0.20808907222897	0.000985747100211329	0.0480092008105755
56	3	1.59278882825803	1.55035379334146	1.6813952788969	1.76939330991227	0.00478132537618162	0.0139693480969189	0.0931045986240256
56	4	1.87115927701353	1.88866948769446	1.86873633446829	1.73905756614832	0	0.00449661821579375	0.0369577765523576
57	1	1.3883503165094	1.41426238290909	1.39507067476999	1.39178278974231	0.101274027057967	0.000391385608703025	0.0679057439929803
57	2	1.48749240497378	1.51469084216034	1.50839174773426	1.50736309249822	0.233019525638308	0.00450793716781971	0.0445912687234908
57	3	1.54831119331278	1.5948018906779	1.73418028146188	1.76007829172987	0.0111984684045233	0.0346647191396372	0.112340113175563
57	4	1.88149143099048	1.90482075638226	1.881864270213	1.74735284234716	0	0.00158725767244933	0.0284389277163493
58	1	1.4195989739692	1.44526037710591	1.42627405054509	1.4233340136609	0.0979925333963281	0.000358963764571028	0.0739134012681837
58	2	1.47668731173431	1.50049263558849	1.49641425317471	1.49345383469299	0.212174594342431	0.00778315905771091	0.0445912687234908
58	3	1.58117395094098	1.58835593031082	1.62478836014204	1.77395156769614	0.0124108846848261	0.0544980557855681	0.140940211307232
58	4	1.89261373995728	1.90233762386289	1.84551565991476	1.71677691762564	0	0.00655288728888529	0.0396249103455975
59	1	1.4233610420612	1.45339886347951	1.4349129816918	1.43489855537116	0.120637458013291	0.00454746287430409	0.0706986152215156
59	2	1.47098568492624	1.49548647511686	1.48944584930072	1.48923913030497	0.226745755430695	0.00058881394888497	0.0445912687234908
59	3	1.52574145486966	1.58529901305193	1.7088785001026	1.78129156804383	0.0494701120117071	0.134266009543392	0.0989358226457654
59	4	1.89644575191791	1.90546630176611	1.86285449989155	1.74455705329775	0	0.00689920480609733	0.031124508797268
60	1	1.42057602388213	1.44306673429773	1.41993242844935	1.42649575455544	0.134193105140762	0.00755314458019677	0.0706986152215156
60	2	1.47666146561471	1.50244887157822	1.49590890539953	1.49626057766328	0.222345822332464	0.00384973052192057	0.0444759501764622
60	3	1.49131981017604	1.59261822465807	1.64897112261977	1.72895826790796	0.00521196798588034	0.00352868768082176	0.109450646375528
60	4	1.8817543508692	1.89797297409856	1.86694577544441	1.75272263501402	0	0.0115318827935737	0.0368496099413732
61	1	1.40894658845352	1.43200921592924	1.41718685697344	1.4149853806509	0.134932038321943	0.00261596534544916	0.0647265928198905
61	2	1.48530006469862	1.50784705691922	1.5050540454348	1.50435154709294	0.263383836990987	0.00258696840285977	0.0444759501764622
61	3	1.47518472090341	1.45170969316312	1.59101167477269	1.65663830774707	0.239880473612125	0.0181489519645841	0.0948854513881539
61	4	1.86566435416903	1.88547503360679	1.8752679698943	1.73894961584653	0	0.0237742040303453	0.0366004850629045
62	1	1.45477878722969	1.48619408356295	1.46954620269643	1.47225023359146	0.151097624480442	0.00995708446856274	0.0647265928198905
62	2	1.45424622486572	1.48076721171468	1.4792524134803	1.4751017612699	0.21172624525897	0.00651557992366657	0.0445457557646467
62	3	1.49059019887512	1.53140584429667	1.65013093602357	1.75463493266186	0.074831066030053	0.0686076275438244	0.124223745481883
62	4	1.87919933874606	1.88281745461802	1.84421901606204	1.74591635042904	0	0.0159610593052384	0.0367952433224274
63	1	1.4465040923159	1.47448330544482	1.46016574323106	1.46362264008057	0.118819059354093	0.00313697235260634	0.0642358711786004
63	2	1.459888022057	1.48993256236253	1.48524231784028	1.48152124033565	0.22708753021483	0.00426287048658145	0.0445457557646467
63	3	1.50632571905339	1.51929469117281	1.59778800378532	1.64368701221071	0.170780327998794	0.0526179190254174	0.0880573671410803
63	4	1.87737536022376	1.88184250053265	1.89844393711723	1.72349599562647	0	0.0101527646005794	0.0455963495281206
64	1	1.43272645492259	1.46535221516767	1.44713320710574	1.45011797348037	0.149177237456081	0.00272913887208766	0.0642358711786004
64	2	1.46869163744173	1.50161268435891	1.4946152393985	1.49189142948719	0.29385965828264	0.000355912744978086	0.0445457557646467
64	3	1.47006225781452	1.48479573863938	1.58497193050497	1.66464072226669	0.0670013410624995	0.00194014146909471	0.109968741375975
64	4	1.88474584327205	1.87722915390757	1.87811304880305	1.7594843124244	0	0.017345556572655	0.0281781863911054
65	1	1.41038438847064	1.43849033758205	1.41779121236704	1.41899554719567	0.114706026002959	0.00325767653259641	0.0642358711786004
65	2	1.47227604101483	1.50499071680258	1.49760954063527	1.49527539274424	0.24224792485295	0.000355912744978086	0.0469887561347775
65	3	1.53938759813551	1.55490141304125	1.66469862121905	1.76618776368952	0.0648424453493113	0.0551790901650058	0.0816062142445391
65	4	1.89246999868261	1.88232165065327	1.86569024984353	1.75494028740057	0	0.016315422558232	0.030094570159408
66	1	1.39006794498817	1.41078799583436	1.3934547015094	1.39053584565294	0.114712323224322	0.00325767653259641	0.0642358711786004
66	2	1.49416570190371	1.52654626904605	1.51919894483413	1.51769694737604	0.2244448940745	0.000355912744978086	0.0469887561347775
66	3	1.59154694488768	1.51952529131755	1.60849532784568	1.7369951327498	0.0570531893530503	0.099052575557246	0.111626958385968
66	4	1.9083191534175	1.88509902745428	1.87891421101753	1.74151254547496	0	0.00563018367668823	0.041928428937302
67	1	1.41538747939383	1.43569986341506	1.42136358506686	1.41429126725921	0.082455785761446	0.00984846031289015	0.0642358711786004
67	2	1.48452032787323	1.51647388787276	1.50878931162305	1.5069503105643	0.244287550214791	0.000355912744978086	0.0463323136254889
67	3	1.52154766277213	1.54565920266191	1.64025762358417	1.72715230325876	0.0670019003880162	0.0521446978597199	0.104467967722238
67	4	1.87664254163681	1.8617781718165	1.87400821432872	1.74348088751218	0	0.00563018367668823	0.0377375256853538
68	1	1.39335496370701	1.42374738052412	1.40945557156307	1.39765529570572	0.108589211268089	0.00652669603826475	0.0668757770058177
68	2	1.48559811626569	1.51722334666035	1.51153731806806	1.50784894832354	0.256446068892746	0.0014763833671957	0.0463323136254889
68	3	1.54374570296301	1.55841611294669	1.65062614314849	1.72725353606083	0.208333721156879	0.0293582497061998	0.104579796285866
68	4	1.88058314298741	1.90330729102875	1.85137542447798	1.73691445391299	0	0.0443616577771824	0.0337278075934837
69	1	1.39358146363306	1.42371694586296	1.40628779510211	1.3966632219953	0.0989939156963682	0.00509410130336682	0.0692106431163586
69	2	1.47951085666774	1.50894567417297	1.50504310402507	1.50256585213686	0.205603191036439	0.000840884113507391	0.0463323136254889
69	3	1.55506710518307	1.52301663424138	1.62195835261455	1.73567662803831	0.096637736045486	0.0451216363823185	0.0985175451095434
69	4	1.87208552759943	1.90054261890029	1.8681531738939	1.75214522008142	0	0.0101320038195547	0.0251307974787761
70	1	1.38950250289485	1.41943764856555	1.39603040545345	1.40065899721449	0.109343946183045	0.000311599980343788	0.0671908415840563
70	2	1.48613298149592	1.51235460494309	1.50892474385213	1.50966882313305	0.261155420085342	0.00289257967519753	0.0463323136254889
70	3	1.54513800567946	1.54812732296327	1.67319192816181	1.77123581956738	0.0240090749656568	0.0283381921824602	0.0930425897894885
70	4	1.88490465501487	1.88329029318543	1.86354592229375	1.75021625745971	0	0.00161388290120233	0.028091775149734
71	1	1.4043927480849	1.43293623275702	1.40941690537652	1.40735516277874	0.116399298837787	0.00749920444026398	0.071396531183756
71	2	1.48202514861317	1.50749397665993	1.50155912932799	1.5009989754159	0.205197314489038	0.00289257967519753	0.0463323136254889
71	3	1.50517269249293	1.48923613267856	1.62311682559546	1.74238194719585	0.0233068236907373	0.0977187828281248	0.110113361122421
71	4	1.85465496851842	1.9281208973035	1.88252955185897	1.73745618681298	0	0.00447292917399099	0.0347081047332939
72	1	1.40885506445422	1.43954195635414	1.43362175480871	1.4166178967113	0.0963355257157702	0.000185973992599288	0.0700616275208148
72	2	1.47575065863466	1.50196177626166	1.4974026423192	1.49486568325076	0.235589117936265	0.00205467038012087	0.0469650781491395
72	3	1.55557580556351	1.57599488754496	1.66173191169486	1.74430611518611	0.00238038832202733	0.0291577726483044	0.0873038818698513
72	4	1.87642149035684	1.87402914846431	1.86532958509148	1.7432522681325	0	0.0245764962042814	0.0325271662654074
73	1	1.40267384163209	1.43379888973617	1.42793018860066	1.41100059165072	0.0955657841634539	0.000185973992599288	0.0707466816370333
73	2	1.47745865313639	1.50101681081979	1.49646192159525	1.49455999619065	0.235488151470045	0.00176399626446069	0.0480354370501621
73	3	1.53740868865412	1.55874631080694	1.65783110056004	1.72989970927777	0.012930331699905	0.041025329068648	0.0862844049357386
73	4	1.89921879601477	1.9115143588106	1.86182340121946	1.76656981133013	0	0.0254389103270427	0.0351330964512579
74	1	1.40843176848014	1.44460189038736	1.43691981370567	1.42013996321098	0.084448593473014	0.00296225134291875	0.0707466816370333
74	2	1.47467793663552	1.49684841470076	1.48705146149785	1.48839833506266	0.222366704376854	0.00587996702283435	0.0493573200837754
74	3	1.53797423399843	1.58489320645915	1.65634080154944	1.75270201256063	0.0316771356934278	0.0166713236612179	0.092312131988467
74	4	1.87581838501042	1.8694581520809	1.85634653052412	1.76083008492342	0	0.00426336622337451	0.0319947301479701
75	1	1.39605615982708	1.43077584680348	1.4161065628742	1.41005770116184	0.0918904920978374	0.00311917272740882	0.0707466816370333
75	2	1.48152215067165	1.50981077414869	1.50041141143614	1.49936325651732	0.222848637286104	0.00280413993066972	0.0462446998569144
75	3	1.56098518150875	1.55770749952466	1.69663681846722	1.75775196972666	0.0199166355613698	0.0450913744775721	0.0921217159436114
75	4	1.84357777664123	1.90152620448838	1.87906361786241	1.74953663169842	0	0.0880590316563169	0.0437254991813704
76	1	1.410058385667	1.44123981531885	1.42450956946578	1.42319442983477	0.110945067110246	0.00122676653919371	0.0686761465590987
76	2	1.47116374545642	1.50153857738632	1.49201602743525	1.49203976180767	0.246211453888561	0.00191649625607806	0.0479928971312336
76	3	1.51532057716589	1.56580404189806	1.69689965816858	1.76331095521737	0.0108905199032525	0.0226578003251736	0.11364300023543
76	4	1.87500810825181	1.90666994803319	1.86089221289974	1.74196230797635	0	0.0209449861127979	0.0303068170895972
77	1	1.48708445492827	1.51532847289683	1.50789375180681	1.5047741177987	0.218788827768583	0.00157575518330209	0.0485374519839177
77	2	1.38635295277061	1.42115628428777	1.40712758304485	1.39938889426206	0.0887481499644873	0.00580081824433552	0.0686761465590987
77	3	1.56199962478449	1.57991646971179	1.69471413446898	1.7885950413067	0.0335207451547479	0.0214841469198816	0.0883807693229483
77	4	1.88221559899237	1.87864962496773	1.86290205532027	1.7436192510486	0	0.0351121956226544	0.0328956637180033
78	1	1.40133484854191	1.44660971211784	1.42210900428233	1.42793334483951	0.101141626675981	0.00832119839864922	0.0693524427365003
78	2	1.46690550690553	1.49572119677644	1.48818753478965	1.48601775363458	0.214732503804614	0.00157575518330209	0.0482308597429464
78	3	1.55318107580803	1.5759594260566	1.66351020384194	1.7356386900465	0.515563255802307	0.0183955026707888	0.10470214562614
78	4	1.8783213667829	1.87150275190467	1.86649636209754	1.74440634477784	0	0.0228694931248267	0.0330289951464766
79	1	1.4047689785208	1.44843026671629	1.41699840778354	1.42343016308456	0.082302010267819	0.00945084553505209	0.0725070285816656
79	2	1.46531877853085	1.49291900760883	1.48785727236023	1.48465593017641	0.25135380234122	0.00157575518330209	0.0481526996945434
79	3	1.51655875578736	1.53727872256995	1.66316249072905	1.74442916895531	0.499049804579809	0.0101254747425855	0.112610756629825
79	4	1.87538703914273	1.88472436346908	1.86204326204939	1.73832665951904	0	0.023268879078243	0.0360178219332562
80	1	1.41244437806666	1.44973488902705	1.42082637663778	1.43525601776	0.114096840819839	0.0094432056528522	0.0725070285816656
80	2	1.46599983012831	1.49585226796012	1.48954698361692	1.49063025164244	0.204511031003425	0.00157575518330209	0.0481526996945434
80	3	1.5045013442665	1.58517197598992	1.71259607460933	1.81075082258734	0	0.0397689383410488	0.100414679407261
80	4	1.88743645917102	1.88113839551456	1.87144888963992	1.73380381662728	0	0.0129625899788469	0.0420754767187933
81	1	1.4068768000836	1.43417868015446	1.41044205359555	1.40958243478224	0.0649054237545426	0.00891884893095386	0.0657888759412729
81	2	1.47261837945761	1.50122993945575	1.49461403964151	1.49665832394993	0.216576616127842	0.00100754653975177	0.0481526996945434
81	3	1.54100439604906	1.60578068357091	1.65946391865963	1.77606339320821	0.0299718071714278	0.0907808564686009	0.0927395094905928
81	4	1.88626199273078	1.89031904888992	1.89945524447438	1.73724194503141	0	0.014641442034633	0.0340525282346178
82	1	1.41158041049534	1.42901786337828	1.42607250894524	1.4178306408328	0.094380693080884	0.00728330477686147	0.0734729814380326
82	2	1.47166411238124	1.50164911361873	1.49366083713805	1.49545067516323	0.238844387110842	0.00250029514426766	0.0481526996945434
82	3	1.49644185234041	1.57050138958526	1.68484523749575	1.75769776239237	0.0491029150407215	0.0422571686298813	0.111499474595804
82	4	1.87939714065218	1.89299393431651	1.88328286641684	1.74668702874637	0	0.00455019321373414	0.0359345921875348
83	1	1.39722280275434	1.42714089931067	1.41590007630805	1.41473432668143	0.0962243459585614	0.00728330477686147	0.0719347659688027
83	2	1.47438616046942	1.50736625122579	1.49721084123689	1.49914382157331	0.226345691825063	0.00250908893450189	0.0466379653692512
83	3	1.5717271976304	1.52129774856334	1.64698914964931	1.77698506085538	0.0241841811967587	0.0689951915426588	0.0866257346454996
83	4	1.88507757154129	1.91642076301023	1.87825050602586	1.73235944795296	0	0.0443841645648697	0.0417491966148427
84	1	1.39821000732955	1.43392457195031	1.42611802163417	1.41635832216564	0.0930112603036674	0.00773687125847764	0.073554132841922
84	2	1.46944920883922	1.50096688149095	1.49216503177367	1.49293665917803	0.221215871131422	0.00250908893450189	0.0467361891449735
84	3	1.53043922163209	1.55350814152626	1.61634239913074	1.76563241682568	0.824779221982821	0.0509424912442535	0.0979097294431651
84	4	1.86255479060259	1.86767968449375	1.8636067150743	1.72270858451188	0	0.0558208766883174	0.0372071453601867
85	1	1.38767143529113	1.41911519678536	1.39874401735852	1.39611128773895	0.0890540304692274	0.00681421150541026	0.0722937119354751
85	2	1.47944624137306	1.50857643989456	1.50430083274096	1.50632030461349	0.244551814580901	0.00164764375564132	0.0467361891449735
85	3	1.55940214392066	1.56498322236548	1.62027556690606	1.72338826675144	0.0472155900158909	0.0187043503829379	0.102429309589817
85	4	1.89938537013192	1.89977757479445	1.86215230840382	1.75777831271091	0	0.000163041548327858	0.0290406298222142
86	1	1.41844946240468	1.44786986799578	1.42736519120008	1.43196861479587	0.105011490038032	0.0109581407045947	0.0669855516961907
86	2	1.46484760554707	1.49457955800585	1.48705548026585	1.48828785035074	0.229512829316638	0.00164764375564132	0.0467361891449735
86	3	1.55159996652353	1.57333886176459	1.64972172150043	1.74710794172182	0.0093986548282794	0.00603892997622654	0.0945939398019006
86	4	1.8988426912184	1.88648648860964	1.8824198641569	1.75822792045139	0	0.0137878596135208	0.0378733164284904
87	1	1.3842046247359	1.43127072942941	1.41274925382927	1.41160008002558	0.124019371732775	0.00162639481018383	0.070392814708425
87	2	1.47504339995956	1.50494346701746	1.49676040106363	1.49663554057116	0.218674700844973	0.00164764375564132	0.046285670574857
87	3	1.58298490549542	1.55097698659708	1.66508510812425	1.78969959822381	0.119776362985338	0.0365221679397097	0.106485241750756
87	4	1.87320617482257	1.88604422356588	1.86620572179034	1.72316854851133	0	0.00344503856750444	0.0396489766433834
88	1	1.39315989758257	1.43697442386247	1.41782642155598	1.41722803681633	0.0786249143701704	0.00169158330385566	0.070392814708425
88	2	1.47253762187091	1.50141290558229	1.49371310794253	1.49406503801532	0.223400101072951	0.00164764375564132	0.046285670574857
88	3	1.51986641924508	1.55768513158801	1.65242701243141	1.75459045661226	0.0264081181880077	0.0222470168821983	0.0896345121492705
88	4	1.88102885904953	1.89776695128836	1.88416278867315	1.73516269953166	0	0.00330040587296206	0.0340350387184865
89	1	1.38347844141423	1.41458333196905	1.39961387780493	1.40088092470408	0.0913470103419008	0.00246606575777843	0.0712412189713479
89	2	1.49103558304806	1.51759058013375	1.51123223191627	1.5107807382583	0.195016077239747	0.00164764375564132	0.0462363864282968
89	3	1.5599562425502	1.51367344861657	1.61101671776907	1.77708250351214	0.0183640053894447	0.0473111124309076	0.12376741680432
89	4	1.86889551958337	1.91114356888196	1.88078486409467	1.7640413528872	0	0.0174861095740499	0.0462936538341595
90	1	1.38733743522206	1.41961033423174	1.40046781242273	1.40349428504554	0.0812134576713675	0.00665157371191039	0.0668565520831742
90	2	1.48361180314858	1.51346241505254	1.50738467439248	1.50829206262485	0.223356893465941	0.00164764375564132	0.0462363864282968
90	3	1.51315892976131	1.54538244429186	1.62423952426039	1.75760177519116	0.0137819680428782	0.0378808079239284	0.090328879522089
90	4	1.8840408784287	1.89710664607669	1.86786064160866	1.75825976037149	0	0.00114698327509795	0.0414514742238936
91	1	1.39205233361386	1.42143846121547	1.40769419345875	1.40755951895355	0.101864480958989	0.00281240106645068	0.0668565520831742
91	2	1.47945771393908	1.51027098837879	1.50471444165956	1.50442914900725	0.218451804190053	0.00164764375564132	0.0496270847127756
91	3	1.49710733114001	1.56454517410819	1.629721184137	1.74291005571456	0.0151795192949726	0.0149905099355124	0.109009235110211
91	4	1.88889846811954	1.90649595660762	1.85311067326079	1.76206072801368	0	0.0171507391237389	0.0419025759632161
92	1	1.40674291482349	1.44401089442526	1.41433052234347	1.42664882337229	0.0843359120914322	0.00269289604465239	0.0732272226811607
92	2	1.47130742212094	1.49989676799276	1.49333339565973	1.49142683571203	0.227520204724888	0.0045863694364969	0.0460250514750803
92	3	1.55451086534789	1.57595594779607	1.59462656234873	1.78700399618829	0.0188108893054593	0.0492030024130622	0.105706958012201
92	4	1.86781834617325	1.89182672453131	1.87385312613823	1.73060446132219	0	0.006201413217068	0.0358887357848074
93	1	1.38639749609301	1.42497561210919	1.40049900599042	1.39758370491103	0.0877336834759093	0.00133958453565178	0.0680784841582517
93	2	1.48036145849441	1.50868300168603	1.5051972304711	1.50468248689126	0.252671241872687	0.000850839680296248	0.0460250514750803
93	3	1.54363683914972	1.5434351961492	1.62051376131348	1.71734068464905	0.0185341936072896	0.00711227015744771	0.0885562555094468
93	4	1.89284730010435	1.89056875703797	1.87560482217919	1.71776104100448	0	0.0110595621936671	0.0324725741491358
94	1	1.4100913194362	1.44813559144335	1.4185218534007	1.42823499708527	0.0892436514611436	0.00186912610622726	0.0698291213842617
94	2	1.47058947770888	1.49953859986557	1.49603457407969	1.49495566227238	0.197003204637471	0.000850839680296248	0.0486048780778797
94	3	1.53453481253279	1.55613350831977	1.63549580964068	1.77234653532488	0.00363893795444303	0.025880231852543	0.0934008489036267
94	4	1.87608054219522	1.90375933963705	1.84971069140288	1.7273100853532	0	0.0154402735033497	0.0358600398516902
95	1	1.46768098915711	1.49576666981598	1.49222996181291	1.49034853000772	0.225852558534487	0.000850839680296248	0.0496357912236859
95	2	1.3978060149223	1.41778183041647	1.40398202576888	1.40042870104061	0.0749997343006573	0.00548890993975851	0.0707214943160808
95	3	1.51489077300691	1.53028925080559	1.68696391564365	1.72273760249477	0.0196092517830027	0.0384860435620196	0.102716030397314
95	4	1.88535279363669	1.89819318593729	1.86449117047621	1.76139502193363	0	0.00627028426297409	0.0264726391473858
96	1	1.42812734264882	1.46377238403371	1.44394095351463	1.44762400364451	0.0846108009996562	0.00581207770787298	0.0729567652391899
96	2	1.46320039748399	1.49086056996397	1.48699972107664	1.48451188462724	0.229593012552413	0.00220284742634333	0.0499069657050979
96	3	1.58054257314067	1.57431195816105	1.65666404022833	1.77022987086245	0.0352201675185961	0.0231922218582947	0.0834399176625406
96	4	1.89066266863119	1.89502756054393	1.8568984209461	1.76134123340715	0	0.0218156481849506	0.0275944087616244
97	1	1.47205210177164	1.50105279523527	1.49296448755031	1.4921457418824	0.219353773036891	0.00284333480631134	0.0497378610030113
97	2	1.39905559222858	1.4309115351213	1.41518595935209	1.41520625785914	0.10162374353974	0.00510876274927495	0.0710359650700276
97	3	1.5479618942702	1.56467943478587	1.61639232244369	1.81663679986805	0.0120432663501962	0.0504540245421378	0.118109586086225
97	4	1.89430114154347	1.89448665233393	1.85728658760087	1.74629248449662	0	0.0054928766996783	0.0306763654085182
98	1	1.39489455501148	1.42916252187259	1.39899414993332	1.40688371352101	0.116585625331474	0.0014092559146742	0.0710359650700276
98	2	1.48169764828206	1.50829006707197	1.50379138177636	1.49993546891222	0.214532807907712	0.00284333480631134	0.0473841437745239
98	3	1.53795784716679	1.54718591293159	1.66688284116229	1.75339266221156	0.0137522753859878	0.00386600449048323	0.108963445050516
98	4	1.89643643528222	1.89592394725705	1.86128082984548	1.73479666989453	0	0.0052581153489865	0.034304145014563
99	1	1.41614456619675	1.45638624263734	1.42861562802826	1.43134784896678	0.0663583946877789	0.00149888509459942	0.0746139669303327
99	2	1.46987714597632	1.49447363571887	1.48674508623262	1.48609679669937	0.157490124383686	0.00284333480631134	0.0476487413413804
99	3	1.54704017915251	1.59150024295724	1.65913822558995	1.75568715514205	0.0971136560345374	0.0762965308790765	0.0970760713403304
99	4	1.89940131785408	1.90424915102407	1.86795150111883	1.74836303735045	0	0.0128931620445782	0.036587453767987
100	1	1.39911643589216	1.44449352741268	1.41638190246981	1.41518509664239	0.105545701536836	0.00198127280362879	0.0678389638102194
100	2	1.47722241023888	1.50232673494138	1.49615729572537	1.49425209006894	0.22556201084821	0.00284333480631134	0.0476487413413804
100	3	1.58457342084075	1.54128632280677	1.63405178297628	1.74210369997022	0.0256462253569706	0.00193280501019213	0.0983186755903187
100	4	1.87849394037994	1.88622650039562	1.84796824801252	1.740530701879	0	0.0108932293838657	0.0317179686730413
101	1	1.38397447596416	1.42680857800277	1.39880761485854	1.39801322574876	0.0959565665508663	0.0034689323904548	0.0690124127645647
101	2	1.4893444839537	1.51127013630295	1.50885551791654	1.5052694423832	0.21074612199457	0.00155818318366379	0.0476487413413804
101	3	1.57511486526046	1.53291663880415	1.6727778374588	1.67259172618918	0.00420623759615062	0.047298692969455	0.10838757034495
101	4	1.87951412183836	1.89115186288408	1.89600780332818	1.75178613501087	0	0.0192624869970032	0.0488669922786963
102	1	1.40427417316158	1.43294463097868	1.41297019440224	1.41177786592189	0.131940923650408	0.00564278453703375	0.0690124127645647
102	2	1.48140836484567	1.5058980056711	1.50393365682023	1.50118607421171	0.246486181292166	0.00155818318366379	0.0459296443568115
102	3	1.51803817095666	1.58131558781294	1.6734064617384	1.73870281171726	0.045725567269009	0.0600337618039768	0.0967472291627749
102	4	1.87012628966719	1.89733176625901	1.88492568272691	1.71888296945468	0	0.00728422112208864	0.0330272582862536
103	1	1.38758764943093	1.41628964557178	1.39834396457218	1.39156531283793	0.0946721162370501	0.000599381917500049	0.0687854190093719
103	2	1.49583830119028	1.51852071267366	1.51769390861081	1.51224760560743	0.200893431412939	0.00126272158232434	0.0459296443568115
103	3	1.55465943419492	1.55208850427793	1.63708851374058	1.75753042048256	0.0463173254429954	0.0159978353902603	0.102309953558501
103	4	1.86931672098915	1.88196298832913	1.87828283993137	1.76985032587701	0	0.0370258382644429	0.0406373556819487
104	1	1.40321910218408	1.43025929639254	1.40450905209233	1.40053898075059	0.0886003262358459	0.00700500756050449	0.0659529397921494
104	2	1.48854529489158	1.5143037318855	1.50798831093853	1.50660660104417	0.273583620555419	0.00485815372795622	0.0459296443568115
104	3	1.55037341216548	1.58306167155574	1.61982999058067	1.70821674965621	0.944234233452814	0.0724371511636383	0.0873950704619993
104	4	1.89252159409557	1.91709888656499	1.85692852658841	1.73338393452988	0	0.0234790351807818	0.0316465699755496
105	1	1.39236874400797	1.41902854323455	1.40064229656383	1.39905838342654	0.127705197367458	0.0111001886551799	0.0647738682189889
105	2	1.49057930422672	1.51909426278095	1.51372118536919	1.51053832478529	0.21560854743998	0.00276716970771948	0.0455887431505464
105	3	1.48568473865152	1.56379213463132	1.68335588812621	1.71239743667114	0.00330868729695824	0.0258221047930575	0.100202586269074
105	4	1.87163336766319	1.91944827649145	1.8713719450428	1.75393544270517	0	0.0101737050007884	0.0323522089523613
106	1	1.43255416845982	1.46355171218863	1.44282451888389	1.44402296300545	0.114744255666403	0.0116215741441893	0.0647738682189889
106	2	1.47461948317517	1.50336690003668	1.49901863861999	1.4953163735369	0.212977238847037	0.00193583577781501	0.0455887431505464
106	3	1.49013914265777	1.57393534765727	1.68405237310726	1.77453297658355	0.180592218628282	0.0292156009106698	0.107108287715454
106	4	1.87658877494303	1.89367100596463	1.88372284434333	1.74831911428952	0	0.00165185485708136	0.0317873759306189
107	1	1.40908972103205	1.45469357601618	1.4307886771362	1.43101346660076	0.111991274021936	0.00186857644139327	0.0691851872068889
107	2	1.47284501225989	1.50240307001152	1.49705832132099	1.49301860402947	0.237715939082202	0.00193583577781501	0.0455887431505464
107	3	1.59496657477445	1.53690081642758	1.67541814853276	1.73641216038264	0.0734345373130209	0.0377596065270277	0.115588363312409
107	4	1.88281596055892	1.89642338240097	1.85342683292737	1.73850692950031	0	0.021529456488925	0.0383914085680871
108	1	1.42266918497825	1.45785387009661	1.43190398200194	1.44510209761747	0.11024444415876	0.00863564616351983	0.0710140444604129
108	2	1.47656325330759	1.50427521014696	1.49902674742073	1.49406372317429	0.234543041392096	0.00193583577781501	0.0455887431505464
108	3	1.86692908768655	1.86276092987491	1.85235470805412	1.71169176574037	0	0.0219218191252847	0.0474981221605065
108	4	1.56229945270159	1.5319776915318	1.71816651857081	1.66499427842003	0	0.214675437197365	0.127650911887001
109	1	1.39677029755703	1.42265470574421	1.41220073212243	1.40077543992198	0.121254082827269	0.00701773640977746	0.0662263112337196
109	2	1.48811299739862	1.51435242661686	1.50795560908886	1.50905714120016	0.226471090938178	0.00618734054624329	0.0457029082900278
109	3	1.5343878096193	1.58018930977797	1.65209249533204	1.76907882449615	0.123845487967817	0.00458766774253567	0.105646022591281
109	4	1.87571466043517	1.90051236775877	1.86869846734772	1.73447586413266	0	0.0132848307336042	0.0262201581959349
110	1	1.38780899911286	1.42866922197616	1.40776725677413	1.40816522515256	0.102238312652047	0.00695044095441748	0.0645183215510141
110	2	1.48847400269925	1.51284029385424	1.50738442897955	1.50942598384857	0.238836926671723	0.00368006848372754	0.0457029082900278
110	3	1.5274068503335	1.53983847737441	1.63067222711133	1.72919826918205	0.00115279951182103	0.00613357741187474	0.0906988451487374
110	4	1.89131651482855	1.88055036620808	1.86637682726298	1.75005796493938	0	0.000519443793356555	0.0344482563574128
111	1	1.39487289995469	1.4351084284624	1.40593287053868	1.41043798455516	0.0846865952725753	0.00261779885660892	0.0650575952555181
111	2	1.47770654490829	1.50274496088524	1.49840463579512	1.49737716558156	0.215954853276775	0.00229600819143873	0.0479435724768396
111	3	1.45938584552489	1.48145778159231	1.59409175351555	1.66287511640817	0.193783790720501	0.0144007618943879	0.0984045190851519
111	4	1.87219947271422	1.87841800082655	1.8373846499822	1.75766483157005	0	0.0275851187804854	0.0416220904623933
112	1	1.38593176702647	1.41439074082154	1.39764997597448	1.40279885544944	0.133519387797407	0.00729076533819793	0.0671617701993393
112	2	1.49934673575473	1.52859321779591	1.52415264762264	1.52271996513672	0.218929951600455	0.00248908552999918	0.0459560980001693
112	3	1.53162696403928	1.56348930609563	1.65504918704398	1.76289584139738	0.0156402821419503	0.0116762550915821	0.115689477530609
112	4	1.87039175550087	1.86236070417814	1.87550966992435	1.73563594756008	0	0.00613077680591475	0.0342393596229075
113	1	1.4474753323837	1.48120876215515	1.46929541494999	1.47082246903539	0.136659446263434	0.00566650428618145	0.0727646142368067
113	2	1.45844499318092	1.48713444785225	1.48465868723483	1.47866911589288	0.216047959683683	0.00556249585717785	0.0459560980001693
113	3	1.52964986947865	1.50297126188718	1.64172981271355	1.71413084025124	0.0121289302648802	0.0344033216182917	0.11539862104255
113	4	1.90925939214481	1.90834692706493	1.87375500582871	1.74672069342431	0	0.0123929189514301	0.0387445383795045
114	1	1.39980638701786	1.4261936994958	1.41073349541449	1.41494828155218	0.0698240605996878	0.00204442901786609	0.0727646142368067
114	2	1.47458689050887	1.49971045965729	1.49174456213958	1.49179123057171	0.198238874401959	0.0047639950566108	0.0459560980001693
114	3	1.5463199682404	1.56240700549894	1.63495548621018	1.72442768262413	0.214629617589664	0.0519209821188321	0.0859966078205152
114	4	1.85223836973971	1.9035924902814	1.87724188385016	1.75495491164785	0	0.00840768913360171	0.0346081967929458
115	1	1.40094278275291	1.42938003666831	1.40810090363074	1.41391241407772	0.126401132716441	0.00803241662362983	0.0616247145491121
115	2	1.48857588871945	1.5224526107281	1.51831351988014	1.51191224155797	0.234254508984475	0.00352594610281457	0.0487093553421705
115	3	1.53538741223301	1.54966336995835	1.65906873223799	1.73498161354102	0.206544466299129	0.0172317883516054	0.0815808759321172
115	4	1.86683710806561	1.88467170045049	1.87464571498135	1.75369817499642	0	0.00445596795265003	0.0346081967929458
116	1	1.47076702364002	1.49935212399228	1.48929937065423	1.48958215708302	0.230313468200917	0.00345252835603709	0.0483452941959004
116	2	1.41688050791464	1.44478155741249	1.42879941400809	1.43586150710094	0.110598779171573	0.0016812976553571	0.0683105413016361
116	3	1.5527192613055	1.54725119307078	1.65560470598395	1.75603020711296	0.025609742970793	0.013083723575774	0.101385025085677
116	4	1.86389479136698	1.88911941852507	1.85851532523277	1.7442736416505	0	0.0114400175933509	0.0385969358802309
117	1	1.4009311351752	1.43224927141735	1.41329881010905	1.41911458755984	0.0866255545117192	0.00732678655128495	0.0683105413016361
117	2	1.46956625928508	1.49533609146187	1.48896736561807	1.48742803624429	0.22342456280843	0.00345252835603709	0.0470816824264688
117	3	1.56431094854937	1.59200008556575	1.63400531042956	1.78150804750952	0.00752056072770477	0.0358651092104323	0.0899687198678216
117	4	1.86776448663154	1.89880025475296	1.8535839583488	1.74563035163091	0	0.010026162199557	0.0333878936293776
118	1	1.47614541237651	1.50361293030889	1.4990199363441	1.49390779498127	0.223108680759894	0.00546484043663342	0.0473898455028933
118	2	1.40292866213159	1.42696866130062	1.41835546733446	1.4149600615173	0.0830032396564221	0.00273212092386937	0.070612365192926
118	3	1.56528398751905	1.57822716383617	1.69317326610647	1.75899804172883	0.181880695049152	0.0387672076216652	0.0781737944902638
118	4	1.88433579869008	1.87594697594612	1.84368101738848	1.75311615093835	0	0.0186193061370354	0.0295904872703475
119	1	1.41355871981648	1.45065534782114	1.43694802620111	1.43106217279623	0.12078960523048	0.00216123027115112	0.070612365192926
119	2	1.47363160162799	1.49660828167216	1.49155270671159	1.49093736109138	0.190201462799152	0.00546484043663342	0.0473898455028933
119	3	1.59935644020103	1.56822413094707	1.65005904024582	1.75677260887254	0.0143292716717768	0.0201082374012692	0.100798033043752
119	4	1.90184644198631	1.87812702086884	1.87988575114304	1.73357750282367	0	0.00780521646012738	0.0312709017500491
120	1	1.46662317400948	1.48976469919471	1.48356124363436	1.48127834432388	0.213751186775376	0.00546484043663342	0.0473898455028933
120	2	1.40292668675767	1.4520133971705	1.42686561954619	1.4266482307993	0.0924415899720763	0.00241647374407358	0.0781361063058934
120	3	1.53601227340509	1.55941232298305	1.64997867027635	1.73951887118341	0.0822721646302715	0.0657641303909434	0.122021210250799
120	4	1.87036713977881	1.91407477505844	1.87257661097955	1.76240715754972	0	0.000179774847567846	0.0362616544328628
121	1	1.39537423156434	1.43298772018255	1.41521832810789	1.41225956984782	0.0767622433690233	0.00590482702423745	0.0758523588591919
121	2	1.47394850477208	1.49912543989706	1.49061975480737	1.4865169123863	0.214045515881533	0.00273521823614577	0.0473077549611972
121	3	1.54310400676966	1.53133741899284	1.68014164341184	1.75790890264001	0.0189549208193285	0.0860540831048922	0.0955071194649041
121	4	1.8668559225729	1.88779172211342	1.86050049829034	1.75715298167951	0	0.00377473833248972	0.0336938601670197
122	1	1.40484123557887	1.43987075775419	1.42511702469694	1.42022627005682	0.104151184292976	0.00360985701222989	0.0745212698834257
122	2	1.47495641847888	1.50155788585145	1.4906059938652	1.49075127362994	0.231331136321388	0.00299676262450841	0.0471155969690643
122	3	1.54420000761396	1.53475783794739	1.62636874630877	1.7652796519722	0.0750584110167486	0.141405285329707	0.0847582177168697
122	4	1.88784690617153	1.88266714222328	1.85196456596946	1.76317329839556	0	0.0105919824657042	0.0338063213736863
123	1	1.37771064025994	1.4219647744195	1.40997532555701	1.40242791330159	0.127129460206668	0.0064167702784286	0.0745212698834257
123	2	1.47581543524202	1.50249677212007	1.49285685393227	1.49189462409322	0.187122238566895	0.00189717846993873	0.0471155969690643
123	3	1.53018278092076	1.57621309858716	1.65482755651846	1.77190061056629	0.00456687945284157	0.015264035672363	0.0902871154697831
123	4	1.8821269995065	1.88984917104968	1.87227215341481	1.7393832485337	0	0.0101086780615818	0.0313035356389323
124	1	1.47151128603551	1.50001637602859	1.48902055602531	1.48667580377014	0.226202195326488	0.00136850703474496	0.0482348708531818
124	2	1.41248449430786	1.45203678939477	1.41897715765179	1.41941806765839	0.069278695063678	0.0152754440266533	0.0699903088862999
124	3	1.57521854609567	1.55511530348599	1.67356536402636	1.75615944247997	0.792522099121823	0.111130381689822	0.0881153127785193
124	4	1.87703405102277	1.90242214413261	1.88362424285448	1.74184682901093	0	0.0103264752694181	0.0335046878322024
125	1	1.46656977547121	1.49278547760883	1.48399267019079	1.47953835504938	0.24967844705441	0.00136850703474496	0.0482493160050201
125	2	1.43038812134136	1.46570029643034	1.44120467771822	1.44570874683343	0.0837921865076874	0.00392253751415785	0.0699903088862999
125	3	1.55757878946249	1.56154524010373	1.59484160054449	1.77820793590933	0	0.0596534080510181	0.0463231481335302
125	4	1.86226833867359	1.88106994052911	1.87221050233259	1.74083075824718	0	0.0192176166078011	0.0359243437726896
125	5	1.48335345458171	1.55496692574932	1.71198867516596	1.68019750821952	0	0.0334629694106475	0.121365927044124
126	1	1.46150835655041	1.48790894544613	1.48142571413179	1.47450057421019	0.180195110583218	0.000788205740867252	0.0482493160050201
126	2	1.43652385156115	1.48458015131944	1.45354871180606	1.46340831632385	0.100793167309027	0.0155705709966983	0.0741166407787863
126	3	1.55024420998001	1.5692424649542	1.56713575393778	1.77822793234809	0	0.00532471497018033	0.0768686577420831
126	4	1.86332183990932	1.90109726710073	1.86132832382524	1.73955193263487	0	0.00655257570602058	0.0298120431895462
126	5	1.51786075543884	1.46483677873691	1.78657924180825	1.73798749561378	0	0.020988555085031	0.134787133992593
127	1	1.46405547013667	1.49038752951071	1.48131033380611	1.4758061881006	0.241135884985054	0.00189639420369493	0.0501672176926271
127	2	1.43585724748001	1.46610342186206	1.44942594323178	1.4633113695849	0.0926674777371964	0.0017589133814886	0.0741166407787863
127	3	1.56347556883501	1.58425881466428	1.60552884348791	1.76064586301928	0	0.0153325656610993	0.0434653696663555
127	4	1.88215302827551	1.90152186225324	1.8707967468453	1.74822073340951	0	0.00777278141034318	0.0294701524341784
127	5	1.46241681823268	1.52369823796837	1.70215819600475	1.75619203382588	0	0.0895818634361977	0.117286570919045
128	1	1.46976580378587	1.49278753606219	1.48265309638737	1.48241494728894	0.263394303820174	0.00247379109554656	0.0501672176926271
128	2	1.42715848854254	1.46423153972624	1.43565001707967	1.45787403746349	0.145626274222948	7.25734645432036e-05	0.0731782841211089
128	3	1.56868955379388	1.56315936951767	1.58617087245446	1.7453380593325	0	0.0013517022748829	0.053594278430773
128	4	1.87840916208759	1.88162121134428	1.84570789215119	1.75338559686606	0	0.00355976732151927	0.0310015785917359
128	5	1.51193848490823	1.5631476366534	1.71920442879439	1.73872657917114	0	0.0302601391151101	0.122922797660366
129	1	1.46917462607982	1.49355676511081	1.48479565927285	1.48164569415399	0.230584075315153	0.00255176051475614	0.0501672176926271
129	2	1.4089630901707	1.4505265546379	1.428345965854	1.42883868599277	0.0874470381960964	0.0105613589800556	0.0795458188560354
129	3	1.59218976098197	1.57750872472838	1.57559700581955	1.76409699563455	0	0.00324195039465767	0.0493385260453893
129	4	1.86684689698128	1.88702640150589	1.89160651212834	1.75537100568609	0	0.02005084004011	0.051644343925931
129	5	1.4687588907575	1.52089417352142	1.78634807225179	1.68916760179294	0	0.0619036311927404	0.102968263535442
130	1	1.39333991137468	1.43500701842866	1.40206779242516	1.4141141260277	0.0842354149813542	0.00218236035643741	0.0750603312596946
130	2	1.47192635035735	1.49883943510624	1.49256138985206	1.48922914538228	0.223498557553962	0.00255176051475614	0.0501672176926271
130	3	1.59668058768766	1.5445423032333	1.5860025125457	1.79218351296621	0	0.0326316282030498	0.0720420651813988
130	4	1.89383177335018	1.88412867247195	1.85779015598093	1.75231678317382	0	0.0244836317886637	0.041719320486124
130	5	1.52779488465377	1.53411271877583	1.69359737251758	1.73320204419292	0	0.0188042547273194	0.15683239076139
131	1	1.40423585902733	1.4392098228036	1.41235346293789	1.41658172224175	0.0855476255807022	0.00983035080776019	0.0726142935834475
131	2	1.46637814257268	1.49492863642865	1.4887555516768	1.48337306260537	0.189670974737651	0.00255176051475614	0.0505284072252773
131	3	1.57164341222388	1.58491399175059	1.57498542411866	1.77248832743342	0	0.0288209864717215	0.0633685336725757
131	4	1.86887344382251	1.89301164667911	1.85805881545835	1.75443510381393	0	0.00136374278612705	0.0310403812713895
131	5	1.5338418138775	1.49400327080818	1.75096769148234	1.66590263702722	0	0.0463964011095888	0.115051523950591
132	1	1.45905487360324	1.48772437488522	1.48051871801806	1.47751202065369	0.202562730180064	0.000254300497559712	0.0505284072252773
132	2	1.42697342356981	1.4750068471346	1.43510738401909	1.44635000557486	0.107951066759	0.00293722021313916	0.0750645907491444
132	3	1.54336684496791	1.54886002272539	1.61278690174975	1.74602963371741	0	0.0146859223940337	0.0494114067428281
132	4	1.88577386148478	1.89715760571938	1.86634435281807	1.73405154005847	0	0.00710473712608572	0.0327034776223598
132	5	1.52221163080332	1.5336378501594	1.6343434112284	1.6615748688362	0	0.0317838161891286	0.131884408373604
133	1	1.47162181246932	1.50020092605271	1.49261561510269	1.48973590660289	0.245281546066566	0.000254300497559712	0.0468053661894231
133	2	1.40635618052046	1.43432946099208	1.4150787796443	1.41581469622404	0.0785709373997123	0.00759454347856965	0.0704175428610154
133	3	1.5804213157607	1.55584159801591	1.57289503934546	1.7974788807793	0	0.0108259665161428	0.0465062957132109
133	4	1.88500299038638	1.8968533478507	1.88014217235866	1.74299856467884	0	0.00469879904509249	0.0252364309446487
133	5	1.48065946463647	1.44544768412035	1.75686372609642	1.73009826040274	0	0.0303675901044057	0.119989900227206
134	1	1.40768336209964	1.43811741142034	1.41800554182525	1.41497528618526	0.0805396634731759	0.000557351065503578	0.0704175428610154
134	2	1.46979291326683	1.49830496807033	1.49084425563934	1.48812721269409	0.212435892582005	0.000254300497559712	0.0468053661894231
134	3	1.5602936518941	1.56620961333597	1.57622379031939	1.75641385575864	0	0.0216047649532882	0.0571991612715646
134	4	1.85955359197722	1.89843390625593	1.8762679532594	1.72373400448386	0	0.0246660412221974	0.0500878415403693
134	5	1.51334699316506	1.44708590339409	1.73431790982407	1.68626313178592	0	0.0260692575123878	0.143354925821789
135	1	1.3856598336431	1.41521814132787	1.39374592635875	1.39316292767544	0.0977634212576855	0.0034899568746754	0.0706529680887982
135	2	1.49156393392644	1.51803849329523	1.5096617541392	1.50722421568855	0.216400664237029	0.00326232464400502	0.0489403330102
135	3	1.55532819514771	1.57888494038223	1.5968382446589	1.74221103787885	0	0.0254689727478474	0.0391368637496823
135	4	1.88739664986701	1.90407571114257	1.86342416070568	1.7411855815923	0	0.0111886073959678	0.0276038392453262
135	5	1.53942439629578	1.57027166702094	1.75287912675133	1.71946694853526	0	0.00116151718847122	0.0967796865120343
136	1	1.42164556284229	1.45086674556375	1.43769202854688	1.43059679310421	0.0856516208230048	0.0034899568746754	0.0766745674643019
136	2	1.46578650963383	1.48876931434163	1.48468117808574	1.48334855115207	0.253191706752932	0.00568525487641499	0.0481296073980964
136	3	1.54449176520876	1.58457648118729	1.58144749652232	1.78798143014432	0	0.011852575896247	0.0463559973041624
136	4	1.84641614093552	1.89015747882401	1.89560702833828	1.7576320500108	0	0.0109977563880059	0.0516141844402396
136	5	1.44190227736168	1.56581144606055	1.73624078680514	1.65669670108847	0	0.0217238206954766	0.131574589266641
137	1	1.46580671120484	1.49113803602698	1.48474998756188	1.48312613885657	0.188355543674657	0.00277147778017883	0.0497531919858265
137	2	1.40974818631284	1.44644176790869	1.41670681270254	1.42398919101842	0.0922284585159502	0.00743080949496548	0.0742248342831019
137	3	1.58981182240563	1.57608304368953	1.62217260963873	1.77459974287844	0	0.013746853329429	0.064025437719462
137	4	1.89788417901302	1.917713869507	1.87051429234604	1.74648829293786	0	0.00164174700401199	0.0358396897401463
137	5	1.50038887748231	1.4717508912542	1.75130899878969	1.73277384205851	0	0.0555527972277731	0.133990164646828
138	1	1.46953571511059	1.4944608256572	1.48585336331389	1.48375122485316	0.236187405597806	0.00274110750973878	0.0501527590971373
138	2	1.42021088431821	1.44844080234308	1.42753716686292	1.42399051135288	0.0819858319771917	0.00737734102056309	0.0680940372786015
138	3	1.56676611725165	1.58704128673226	1.55461156486626	1.77359421397099	0	0.0148424871614374	0.0454857660854114
138	4	1.88456170156482	1.92964401367446	1.86236393043166	1.74117784259544	0	0.0278843719730192	0.0412596394421701
138	5	1.54932366319438	1.59694281566677	1.72485986442421	1.76472745319172	0	0.054908561997253	0.114221418012233
139	1	1.47342513356901	1.49860039064232	1.49115027778598	1.48939791688961	0.211514030637447	0.0025201317995679	0.0515231590960501
139	2	1.3999121234837	1.43254261470353	1.41638923803525	1.41291522078976	0.0910985893594813	0.0139925147092173	0.0680940372786015
139	3	1.60845191155964	1.575664297668	1.58315727927885	1.78506104753847	0	0.00438222989240738	0.054334653188775
139	4	1.85695483695152	1.85988831296382	1.86056826794728	1.73042755420068	0	0.0280742992143872	0.0510797316284769
139	5	1.49858977563598	1.49823679531115	1.76000482752039	1.79169958848717	0	0.0778643432219256	0.113960139038268
140	1	1.4636453883731	1.4878339836468	1.48608957969727	1.48293217854733	0.192365737286456	0.0025201317995679	0.0515231590960501
140	2	1.39541148933041	1.43055551426441	1.41947146311426	1.40920645790743	0.0826974322149966	0.000886926908704342	0.0788497489596069
140	3	1.56552751675768	1.62144140484018	1.59911606423332	1.77030668255116	0	0.00622875464664146	0.0464879367224949
140	4	1.87839496136806	1.88836533141342	1.86668171576172	1.75912210626517	0	0.0130761744898988	0.0237235063862852
140	5	1.46430068154247	1.52122866536297	1.71170210787595	1.76466513376732	0	0.192420523047401	0.112325038312843
141	1	1.46497840362678	1.49134620353959	1.48734638700506	1.48511108783224	0.211416532991987	0.0025201317995679	0.0492276966139548
141	2	1.4044582674218	1.44994268346535	1.4196239637688	1.42907480195797	0.088176661152037	0.0131841475183718	0.0752704125819622
141	3	1.58110126769179	1.56340482043778	1.59905990751348	1.76352636223181	0	0.0010628603641338	0.081368162873015
141	4	1.8984049639538	1.88387287627693	1.87307720003381	1.76039642096419	0	0.0148591748528893	0.0329841668130313
141	5	1.58643786925471	1.58502342457056	1.68502986913739	1.81880708944799	0	0.072041503988542	0.120843207127865
142	1	1.39816005538255	1.44451449546943	1.42039746438645	1.42279909837927	0.0887788038639152	0.00451957287566598	0.0797562143786641
142	2	1.46977011436284	1.49331744996971	1.48712830677627	1.48654727808612	0.236456627596738	0.00387527228982592	0.0492276966139548
142	3	1.54823771779809	1.57393476863781	1.58394540091892	1.76612121196867	0	0.019685684716492	0.057465556184663
142	4	1.86863119027082	1.8901532686149	1.85932572244649	1.74522840839168	0	0.0157030296359501	0.0425829751754141
142	5	1.53110584123543	1.52710063969881	1.71902594541685	1.77723152536382	0	0.0105286314487651	0.159360325843063
143	1	1.46815445511503	1.49258048135027	1.48543261061845	1.48456383288384	0.2321334508786	0.000889426304776832	0.0496184912640706
143	2	1.38376241122663	1.4489440831764	1.41613820770695	1.419591709208	0.0820237114537337	0.00386098752249772	0.0813182439033783
143	3	1.58165956035923	1.59102988434145	1.57584019907516	1.76954440686215	0	0.00932892621619641	0.052637938919951
143	4	1.87935324820075	1.88546388902069	1.84223490455518	1.76042438508905	0	0.0113557979608498	0.0375081260783834
143	5	1.5513409710946	1.54428855727946	1.74260558299054	1.63814379603458	0	0.191330228578685	0.130811663561312
144	1	1.46898465932596	1.49259121479626	1.48694412035032	1.48357780990741	0.20915001664335	0.00244573571830286	0.050024441570499
144	2	1.40529530370656	1.47091141259089	1.41041680452851	1.42948820152148	0.0953306517273369	0.00763148249357965	0.0751045462536134
144	3	1.58713384029259	1.57817977714953	1.56129266875332	1.76093934667952	0	0.00472249420634706	0.0508945265611618
144	4	1.88329122708673	1.92325051973424	1.8650936431369	1.73586027813238	0	0.0250380556042722	0.0333855678802196
144	5	1.57664018206754	1.6188627860338	1.7158178103507	1.73013911554654	0	0.0998503790838038	0.116522921963493
145	1	1.42986255008519	1.45851508422732	1.43506632846348	1.43606050197722	0.120489771621744	0.01134439239702	0.069228489075519
145	2	1.47351414440985	1.49022648288297	1.48766689170945	1.48760776358534	0.180446335272368	0.00244573571830286	0.0478112197288254
145	3	1.58158649215586	1.59619893677964	1.57662902621833	1.77036655093565	0	0.000333689456750715	0.0488661325355095
145	4	1.87096691524026	1.86610387830344	1.86366144683428	1.75213236156543	0	0.00396121202112747	0.0440736029222112
145	5	1.56120281698621	1.64174237723622	1.69995800058779	1.72622220571567	0	0.0441205542701602	0.0920259791684131
146	1	1.41939016004808	1.45883328447983	1.43188599607265	1.42982060380689	0.134985832330024	0.00223043397015421	0.0683422561408016
146	2	1.47394932790529	1.49145320338007	1.48599171401358	1.48573704001464	0.230183881866638	0.000838747543917377	0.0478112197288254
146	3	1.58481165396246	1.57857033443216	1.58637225538344	1.80419114436767	0	0.0699588839350875	0.0624147201312734
146	4	1.88700914046715	1.89724791612384	1.86697566040884	1.7613662530947	0	0.0117274465487985	0.0419097674035657
146	5	1.51205012337605	1.54885350054601	1.71760945670295	1.72708235328657	0	0.00424867259632075	0.117593150391406
147	1	1.48168945771217	1.49907851405956	1.49478285306501	1.49443647209617	0.210587766044189	0.00412480409758767	0.0478112197288254
147	2	1.39792639785615	1.44031124168389	1.41696460911531	1.41581165235828	0.0943949500273313	0.0147921436104981	0.0688598222838789
147	3	1.57443875097538	1.5627853253534	1.57357694385021	1.76943208595804	0	0.00666530822095418	0.0587848330663764
147	4	1.87688073998697	1.88947783765203	1.85865150308377	1.73683973716013	0	0.0111786771057325	0.0329470097176052
147	5	1.49682924406317	1.51374705647465	1.71571165912759	1.76683130608452	0	0.0443282319046504	0.130076198252057
148	1	1.47153065157517	1.49381387460419	1.48732000500757	1.48732026624693	0.197475517268243	0.000801941238236904	0.0502953579357199
148	2	1.39510230406111	1.44715094050267	1.41559514243115	1.42325080100883	0.099710815408427	0.0116953168832305	0.0737075269036827
148	3	1.60390123362407	1.57813503214383	1.54081187868655	1.77311789423914	0	0.0463683035397745	0.0575566485493813
148	4	1.89257510769564	1.89980821887696	1.86623818626882	1.72817323485068	0	0.0236849743536128	0.0288447703721642
148	5	1.54323562219282	1.61691458192548	1.66100104218831	1.75203473668157	0	0.0356143815490928	0.126727385117722
149	1	1.49056477426227	1.51319396415892	1.50617486944215	1.50633398632318	0.257234378546022	0.000801941238236904	0.0479488184437942
149	2	1.39011387520451	1.43522399368352	1.40678469750419	1.39406883301724	0.0996110935269655	0.0116953168832305	0.0726232061143482
149	3	1.561248600935	1.56072471706849	1.56224124110487	1.7869528007834	0	0.00738275482691166	0.0473729378037292
149	4	1.8761809902917	1.89025660370157	1.86282504973408	1.74460980851712	0	0.0281347679621606	0.0345651695135655
149	5	1.41367095588187	1.56641563906765	1.77372482578533	1.73296199348467	0	0.0182510346236645	0.110606604212903
150	1	1.46971902702194	1.49359247341251	1.48669431164952	1.48548017786565	0.20720204580334	0.000801941238236904	0.0479488184437942
150	2	1.38696341270577	1.42411200828318	1.4188005019193	1.39485896002964	0.131586005356661	0.0116953168832305	0.0737410466385621
150	3	1.5996513831478	1.58796849371272	1.59679888870334	1.77841277286631	0	0.0456636805248761	0.0529979266956876
150	4	1.87515348390754	1.88954394711185	1.86084273096342	1.73543669468686	0	0.00165573329797473	0.0350688598602962
150	5	1.54075106258295	1.50685380489924	1.74761090260463	1.72528370676142	0	0.0101308712321343	0.120224622530119
151	1	1.4612534770083	1.48442598740487	1.47745007181497	1.47603562894689	0.200715117912785	0.000801941238236904	0.0475057539878377
151	2	1.44782048772401	1.48639853774791	1.45544665515337	1.46998053578808	0.117126880146146	0.00730011594230399	0.0721171652444504
151	3	1.55687515831601	1.59235997378326	1.57655473062063	1.76294563924139	0	0.0231541937242274	0.053084312441581
151	4	1.87980291706824	1.90737234865946	1.86542181647374	1.75197911252114	0	0.088963402351841	0.0453059102262808
151	5	1.48415300684277	1.5820928532334	1.71096612109828	1.69370066595342	0	0.0153544418341538	0.103936361445714
152	1	1.39640046108626	1.44017395654975	1.41188803157916	1.42371137805563	0.130297938392712	0.00846005058368782	0.0732907080406905
152	2	1.4754820622096	1.4984019245799	1.49189433002777	1.4902856666879	0.227010710999974	0.000801941238236904	0.0474419450820552
152	3	1.57182487281577	1.57561170175419	1.59764996716522	1.76613428532275	0	0.0209647566007657	0.0523785561578332
152	4	1.89030986158645	1.89927951597885	1.870442743367	1.74696689168965	0	0.0107216050712528	0.0495050014874335
152	5	1.4590744455599	1.52198216833063	1.70251294863118	1.71504785707228	0	0.046367392402487	0.107222576915854
153	1	1.38054111741686	1.43347621363644	1.40064520839807	1.41022328048415	0.108453841927866	0.00273438912119237	0.0732907080406905
153	2	1.47537590865061	1.49959477362608	1.49313232496659	1.49234995990013	0.210546775163044	0.000801941238236904	0.0474419450820552
153	3	1.5972301801263	1.63281533373542	1.61414526933187	1.72742998429555	0.0116728716293425	0.0786960674878237	0.0644705582997503
153	4	1.88055854795173	1.90711516432778	1.85056809050767	1.72476796652475	0	0.0450192287717823	0.0359066283258456
153	5	1.49723179939672	1.50271379311274	1.75700494856087	1.67178836960325	0	0.0208483848070807	0.243012734041779
154	1	1.40119552026396	1.44947863759448	1.42440288994472	1.42450935815667	0.0835346595876157	0.00875550306961649	0.0703941603061012
154	2	1.47913320440692	1.50503393124327	1.5005535517515	1.49914379702377	0.208623813061062	0.00525110757924823	0.0474419450820552
154	3	1.59315675415452	1.61716850618764	1.58549895675391	1.783806896375	0	0.00811887753066074	0.0559895310029018
154	4	1.89243975327317	1.89824045806844	1.86634563884512	1.75140727151864	0	0.000290623668352081	0.0345455729126028
154	5	1.53108926462418	1.51987891524397	1.759666720719	1.73922626726318	0	0.0166634712134888	0.119128851363004
155	1	1.40070853054728	1.43129337094966	1.41157171896724	1.41365660299048	0.0968393745880506	0.00635754303343771	0.0692302130053945
155	2	1.48902787192385	1.5101763831292	1.50333602000571	1.50380408958505	0.291804979875443	0.00438536114980554	0.0474419450820552
155	3	1.57783862289577	1.56865967833989	1.6086738302763	1.80551689915699	0	0.0039418716988419	0.0546362994965578
155	4	1.88316534333221	1.88562348415085	1.877923314007	1.75171531221348	0	0.0180493949894904	0.0350305429145236
155	5	1.54513625886036	1.52475486910531	1.73307197915326	1.69362329670113	0	0.0118936069880413	0.149403273302694
156	1	1.4105554421563	1.45093070093189	1.41919750189906	1.42126817872126	0.0910238390617627	0.0107987240665077	0.0665083744542728
156	2	1.48008294797236	1.50442294043884	1.49793882247174	1.49380069577073	0.240150134823232	0.00206934267956452	0.0461605269318985
156	3	1.55291306355958	1.57955618731323	1.56871603575427	1.82808905558633	0	0.0157716600305659	0.0451470613855649
156	4	1.90903045311794	1.90417531840045	1.87817621465393	1.76574703630257	0	0.0145293855110831	0.0393814424040928
156	5	1.45951560163726	1.54993192504791	1.65791585014867	1.68821169205018	0	0.0501906121633613	0.117637160050335
157	1	1.40038085059936	1.42403977458328	1.41042032822919	1.4086936291386	0.0983387850431983	0.00901475702882325	0.0690871768142138
157	2	1.47916631715045	1.49928435509272	1.49457054245335	1.492800298292	0.21418487242241	0.00242885962008915	0.0472918935450188
157	3	1.54129200992405	1.56368702644266	1.5830495929739	1.7771848929009	0	0.0123592295912751	0.0638610084880988
157	4	1.88555796096833	1.88143170737979	1.86686207144626	1.76270405217822	0	0.00553646604706229	0.0461978840775054
157	5	1.50411018465824	1.50832989182024	1.78916366911175	1.6815748460993	0	0.0245647246507254	0.128662723462588
158	1	1.47440810222815	1.50257942193089	1.49126165385218	1.48934556759863	0.242105295899124	0.00129118449171126	0.0496883241730234
158	2	1.39339571017709	1.4361459011774	1.41627005649514	1.42090459625223	0.0804854901093948	0.00721639633766376	0.0735915588307479
158	3	1.61894794090835	1.58459184709522	1.59126829072249	1.74803071945733	0	0.000337981361400258	0.0748409430430106
158	4	1.85911210293422	1.89702429265963	1.85944755052824	1.75032909932825	0	0.0136314046600063	0.0383478127615037
158	5	1.47500341783016	1.55119444892514	1.71871627799837	1.74238822428559	0	0.0746051399486535	0.173114623374137
159	1	1.39750515505336	1.4411214664098	1.41579652170181	1.41865471663268	0.0808308558530191	0.00333676305298223	0.0678915085725746
159	2	1.48205660069748	1.51142393401783	1.50210676416879	1.50103518895668	0.196080698761318	0.00354589066100797	0.0496883241730234
159	3	1.54646761434578	1.55261680302571	1.60918768757865	1.71332257276939	0	0.0214039452773896	0.0566873677067697
159	4	1.87554687972095	1.87732196380447	1.84987235512677	1.73551289428942	0	0.0547624271063199	0.0372480130690758
159	5	1.52897667281564	1.5781153766953	1.86818896361295	1.68609632481009	0	0.018468020855405	0.133034472187033
160	1	1.46950106312249	1.49738294227081	1.4859199319493	1.48375340801174	0.243076173785799	0.00354589066100797	0.0496883241730234
160	2	1.40494890312633	1.44696729056121	1.42529604724978	1.42500143984294	0.120957539356956	0.000348052666841602	0.0688185656736834
160	3	1.59445168207417	1.54351151177054	1.64670423703372	1.78737700133598	0	0.00093149443256129	0.073559480264743
160	4	1.85868284833766	1.87334459029602	1.85077127780868	1.7334433190602	0	0.012670263411122	0.0284842247166342
160	5	1.49191062757803	1.52641122423902	1.80973537191167	1.71556250179443	0	0.0447886460866807	0.132830449844016
