1	2	2	1	2	2	2	1	3	1	1	1	1	2	1	2	2	2	2	2	1	2	2	2	2	1	2	1	2	1	2	1	1	1	2	2	2	2	2	2	2	2	2	1	2	2	2	2	2	1	2	1	1	2	2	2	2	2	2	2	4	2	1	2	2	2	2	2	3	2	5	2	1	2	2	2	2	1	2	1	2	1	1	1	2	2	1	2	2	1	2	2	2	2	2	2	2	2	2	1	2.703119
1	2	2	1	2	2	2	1	3	2	1	1	2	2	1	2	2	2	2	2	1	2	2	2	2	1	2	1	2	1	2	1	1	1	2	1	2	2	2	2	2	2	2	2	2	2	2	2	2	1	2	2	2	2	2	2	2	2	2	2	4	2	1	2	1	2	2	2	3	2	5	2	2	2	2	2	2	1	2	1	2	1	1	1	2	2	2	2	2	2	2	2	2	2	2	2	2	2	2	1	1.199307
1	2	2	1	2	2	2	1	3	1	1	1	1	2	1	2	2	2	2	2	1	2	2	2	2	2	2	1	2	1	2	1	1	1	2	2	1	2	1	1	1	2	2	1	1	2	2	2	2	1	2	1	1	2	2	2	2	2	2	2	4	2	2	2	2	2	2	2	3	2	5	2	2	2	2	2	2	1	2	1	2	2	1	1	2	2	1	1	2	1	2	2	2	2	2	2	2	2	2	1	0.2682291
1	1	1	2	1	1	2	2	3	1	2	2	2	1	2	1	1	1	1	1	2	1	1	1	1	2	1	2	1	2	1	2	2	2	1	1	1	1	1	1	1	1	1	2	1	1	1	1	1	2	1	2	1	1	1	1	1	1	1	1	4	2	1	1	1	1	1	1	3	1	5	1	2	1	1	1	1	1	1	2	1	2	1	2	1	1	2	2	1	2	1	1	1	1	1	1	1	1	1	2	0.9930637
1	1	1	2	1	2	1	2	3	1	2	2	2	1	1	1	1	1	1	1	2	1	1	1	1	1	1	1	1	2	1	2	2	2	1	1	1	1	1	2	2	1	1	1	1	1	1	1	1	1	1	1	1	1	1	1	1	1	1	1	4	1	2	1	1	1	1	1	3	1	5	1	1	1	1	1	1	2	1	2	1	2	2	2	1	1	2	1	1	2	1	1	1	1	1	1	1	1	1	1	0.7091985
1	2	2	1	2	2	1	1	3	2	1	1	1	2	1	2	2	2	2	2	1	2	2	2	2	2	1	1	2	1	2	1	1	1	2	2	2	2	2	2	2	2	2	2	2	2	2	2	2	1	2	2	2	2	2	2	2	2	2	2	4	2	1	2	2	2	2	2	3	2	5	2	2	2	2	2	2	1	2	1	2	1	1	1	2	2	2	2	2	1	2	2	2	2	2	2	2	2	2	1	0.4500637
1	2	2	1	2	2	1	1	3	1	1	1	1	2	2	2	2	2	2	2	1	2	2	2	2	2	1	2	2	1	2	1	1	2	2	2	2	2	2	2	1	2	2	1	2	2	2	2	2	2	2	1	2	2	2	2	2	2	2	2	4	2	2	2	2	2	2	2	3	2	5	2	2	2	2	2	2	1	2	1	2	1	1	1	2	2	1	2	2	2	2	2	2	2	2	2	2	2	2	1	0.2988045
1	1	1	2	1	1	2	2	3	2	2	2	2	1	2	1	1	1	1	1	2	1	1	1	1	2	2	2	1	2	1	2	2	2	1	1	1	1	1	2	1	1	1	2	1	1	1	1	1	1	2	1	1	1	1	1	1	1	1	1	4	1	1	1	1	1	1	1	3	1	5	1	1	1	1	1	1	2	1	2	1	2	1	2	1	1	2	1	1	2	1	1	1	1	1	1	2	2	1	2	0.9604383
1	1	1	2	1	1	1	2	3	1	2	2	2	1	1	1	1	1	1	1	2	1	1	1	1	2	1	2	1	2	1	2	2	2	1	2	1	1	2	1	2	1	1	1	1	2	1	1	1	2	1	2	1	1	1	1	1	1	1	1	4	1	1	1	1	1	1	1	3	1	5	1	1	1	1	1	1	2	1	2	1	2	1	2	1	1	1	1	1	2	1	1	1	1	1	1	1	1	1	1	0.4563083
1	1	1	2	1	1	1	2	3	1	2	2	2	1	1	1	1	1	1	1	2	1	1	1	1	1	2	1	1	2	1	2	2	2	1	1	1	1	1	2	1	1	1	1	1	1	1	1	1	2	1	1	2	1	1	1	1	1	1	1	4	1	2	1	1	1	1	1	3	1	5	1	2	1	1	1	1	2	1	2	1	1	2	2	1	1	1	1	1	2	1	1	1	1	1	1	1	1	1	2	0.6111904
1	1	1	2	1	1	1	2	3	1	2	2	2	1	2	1	1	1	1	1	2	1	1	1	1	1	1	2	1	2	1	2	2	2	1	1	1	1	1	1	1	1	1	1	1	1	1	1	1	1	1	1	1	1	1	1	1	1	1	1	4	1	2	1	1	1	1	1	3	1	5	1	2	1	1	1	1	2	1	2	1	2	2	2	1	1	2	1	1	2	1	1	1	1	1	1	1	1	1	2	0.9957114
1	2	2	1	2	2	2	1	3	2	1	1	1	2	2	2	2	2	2	2	1	2	2	2	2	2	2	2	2	1	2	1	1	1	2	2	2	2	2	2	2	2	2	2	2	2	2	2	2	2	2	2	1	2	2	2	2	2	2	2	4	2	2	2	2	2	2	2	3	2	2	2	2	2	2	2	2	1	2	1	2	1	2	1	2	2	1	2	2	1	2	2	2	2	2	2	2	2	2	2	0.8965221
1	2	2	1	2	2	2	1	3	2	1	1	2	2	1	2	2	2	2	2	1	2	2	2	2	2	2	1	2	1	2	1	1	1	2	2	2	2	2	2	2	2	2	2	2	2	2	2	2	1	2	2	1	2	2	2	2	2	2	2	4	2	1	2	2	2	2	2	3	2	2	2	2	2	2	2	2	1	2	1	2	1	1	1	2	2	2	2	2	1	2	2	2	2	2	2	2	2	2	2	1.050262
1	2	2	1	2	2	2	1	3	2	1	1	1	2	1	2	2	2	2	2	1	2	2	2	2	2	1	1	2	1	2	2	1	1	2	2	2	2	1	2	2	2	2	2	2	2	2	2	2	1	2	1	2	2	2	2	2	2	2	2	4	2	1	2	2	2	2	2	3	2	2	2	2	2	2	2	2	1	2	1	2	1	1	1	2	2	1	2	2	1	2	2	2	2	2	2	2	2	2	1	0.5377135
1	2	2	1	2	2	2	1	3	2	1	1	1	2	1	2	2	2	2	2	1	2	2	2	2	2	2	1	2	1	2	1	1	1	2	2	2	2	2	2	2	2	2	1	2	2	2	1	2	2	2	2	2	2	2	2	2	2	2	2	4	2	2	2	1	2	2	2	3	2	2	2	2	2	2	2	2	2	2	1	2	1	1	2	2	2	1	2	2	1	2	2	2	2	2	2	2	2	2	1	0.6016649
1	2	2	1	2	2	2	1	3	2	1	1	1	2	2	2	2	2	2	2	1	2	2	2	2	2	2	2	2	1	2	1	1	1	2	2	2	2	2	2	2	2	2	1	2	2	2	2	1	1	2	2	2	2	2	2	2	2	2	2	4	2	2	2	2	2	2	2	3	2	2	2	2	2	2	2	2	1	2	1	2	1	1	1	2	2	1	2	2	1	2	2	2	2	2	2	2	2	2	1	0.7216416
1	2	2	1	2	1	2	1	3	2	1	1	1	2	1	2	2	2	2	2	1	2	2	2	2	1	2	1	2	1	2	1	1	1	2	1	2	2	2	2	1	2	2	2	2	1	2	2	2	1	2	1	2	2	2	2	2	2	2	2	4	2	1	2	1	2	2	2	3	2	2	2	1	2	2	2	2	1	2	1	2	2	1	1	2	2	1	2	2	1	2	2	2	2	2	2	2	2	2	1	0.5950799
1	2	2	1	2	2	1	1	3	2	1	1	1	2	2	2	1	2	2	2	1	2	2	2	1	2	2	1	2	1	2	1	1	1	2	1	2	2	1	2	2	2	2	2	2	2	2	2	2	1	1	1	1	2	2	2	2	2	2	2	4	2	1	2	1	2	2	2	3	2	2	2	2	2	2	2	2	1	2	1	2	1	1	1	2	2	1	1	1	1	2	2	2	2	2	2	2	2	2	2	0.1177756
1	2	2	1	2	2	2	1	3	1	1	1	1	2	2	2	1	2	2	2	1	1	2	2	2	2	2	1	2	1	2	1	1	1	2	2	2	2	2	2	1	2	2	1	2	2	2	2	2	2	2	2	2	2	2	2	2	2	2	2	4	2	2	2	2	2	2	2	3	2	2	2	2	2	2	2	2	1	2	1	2	1	1	1	2	2	1	2	1	1	2	2	2	2	2	2	2	1	2	2	0.4438817
1	2	2	1	2	2	2	1	3	2	1	1	1	2	1	2	2	1	2	2	1	2	2	2	2	2	1	2	2	1	2	1	1	1	2	2	1	2	2	2	1	2	2	2	2	2	2	2	2	1	2	2	1	2	2	2	2	2	2	2	4	2	1	2	2	2	2	2	3	2	2	2	1	1	2	2	2	1	2	1	1	1	1	1	2	2	2	2	2	1	2	2	2	2	2	2	1	2	2	1	0.8977791
1	2	2	1	2	2	2	1	3	2	1	1	1	2	2	2	2	2	2	2	1	2	2	2	2	2	1	2	2	1	2	1	1	2	2	2	2	2	2	2	2	2	2	1	2	2	2	2	2	2	2	2	1	2	2	2	2	2	2	2	4	1	1	2	2	2	2	2	3	2	2	2	2	2	2	2	2	1	2	1	2	1	1	2	2	2	2	2	2	1	2	2	2	2	2	2	2	2	2	1	0.4376243
1	1	1	2	1	1	1	2	3	1	2	2	2	1	1	1	1	1	1	1	2	1	1	1	1	1	1	1	1	2	1	2	2	2	1	2	1	1	1	1	2	1	1	1	1	1	1	1	1	2	1	2	2	1	1	1	1	1	1	1	4	1	1	1	1	1	1	1	3	1	1	1	1	1	1	1	1	2	1	2	1	1	2	2	1	1	1	1	1	2	1	1	1	1	1	1	1	1	1	1	0.6869466
1	1	2	1	2	1	2	1	3	2	1	1	1	2	2	2	2	2	2	2	1	1	2	2	2	1	1	1	2	1	2	1	1	1	2	1	2	2	2	1	1	2	2	1	2	2	2	2	2	1	2	1	1	2	2	2	2	1	2	2	4	2	2	2	2	2	2	2	3	2	2	2	2	2	2	2	2	1	2	1	1	1	1	1	2	2	1	1	2	1	2	2	2	2	2	2	2	1	2	1	0.7975505
1	1	1	2	1	2	2	2	3	1	2	2	1	1	1	1	1	1	1	1	2	1	1	1	1	2	2	1	1	2	1	1	2	2	1	1	2	1	2	1	1	1	1	2	1	1	1	1	1	1	1	1	1	1	1	1	1	2	1	1	4	1	2	1	1	1	1	1	3	1	1	1	1	1	1	1	1	2	1	2	1	1	2	2	1	1	1	1	1	2	1	1	1	1	1	1	1	1	1	2	0.5381128
1	2	2	1	2	1	1	1	3	2	1	1	1	2	1	2	2	2	2	2	1	1	2	2	2	1	1	2	2	1	2	1	1	1	2	2	2	2	1	2	1	2	2	1	2	2	2	2	2	1	2	2	2	2	2	2	2	2	2	2	4	2	1	2	2	2	2	2	3	2	2	2	2	2	2	2	2	1	2	1	2	1	1	1	2	2	2	2	2	1	2	2	2	2	2	2	2	2	2	1	0.388093
1	2	2	1	2	1	2	1	3	2	1	1	2	2	1	2	2	2	2	2	1	2	2	2	2	2	1	2	2	1	2	1	1	1	2	1	2	2	2	2	2	2	2	1	2	2	2	2	2	1	2	1	1	2	2	2	2	2	2	2	4	2	2	2	2	2	2	2	3	2	2	2	2	2	2	2	2	1	2	1	2	1	1	1	2	2	1	2	2	1	2	2	2	2	2	2	2	2	2	1	0.1291013
1	1	1	2	1	1	2	2	2	1	2	2	2	1	2	1	1	1	1	1	2	1	1	1	1	1	2	1	1	2	1	2	2	2	1	1	1	1	1	1	2	1	1	2	1	1	1	2	1	1	1	2	1	1	1	1	1	1	1	1	3	1	2	1	1	1	1	1	4	1	1	1	1	1	1	1	1	2	1	2	1	2	2	2	1	1	2	1	1	2	1	1	1	1	1	1	1	1	1	2	1.776477
1	1	1	2	1	1	1	2	3	1	2	2	2	1	1	1	1	1	1	1	2	1	1	1	1	1	1	1	1	2	1	2	2	2	1	1	1	1	1	1	2	1	1	1	1	1	1	1	1	2	1	1	1	1	1	1	1	1	1	1	4	2	2	1	1	1	1	1	3	1	1	1	1	1	1	1	1	2	1	2	1	2	2	2	1	1	2	1	1	1	1	1	1	1	1	1	1	1	1	2	0.9995202
1	2	2	1	2	2	2	1	3	2	1	1	1	2	1	2	2	2	2	2	1	2	2	2	2	2	2	1	2	1	2	1	1	1	2	2	2	2	2	2	2	2	2	1	2	2	2	2	2	2	2	2	2	2	2	2	2	2	2	2	4	2	1	2	1	2	2	2	3	2	2	2	2	2	1	2	2	2	2	1	2	1	1	1	2	2	1	2	2	1	2	2	2	2	2	2	1	2	2	1	0.4573215
1	1	1	2	1	1	1	2	3	1	2	2	2	1	1	1	1	1	1	1	2	1	1	1	1	1	2	2	2	2	1	2	2	2	1	1	1	1	2	1	2	1	1	2	1	1	1	1	1	1	1	1	1	1	1	1	1	1	1	1	4	1	2	1	2	1	1	1	3	1	1	1	1	1	1	1	1	1	1	2	1	2	2	2	1	1	2	1	1	2	1	1	1	1	1	1	1	1	1	1	0.4964341
1	2	2	1	2	2	2	1	3	2	1	1	1	2	2	2	2	2	2	2	1	2	2	2	2	2	2	1	2	1	2	1	1	1	2	2	2	2	2	2	1	2	2	1	2	2	2	2	2	1	2	1	2	2	2	2	2	2	2	2	4	2	2	2	1	2	2	1	3	2	2	2	2	2	2	2	2	2	2	1	2	2	2	1	1	2	1	2	2	1	2	2	2	2	2	2	1	2	2	2	0.2646837
1	2	2	1	2	2	1	1	3	2	1	1	1	2	1	2	2	2	2	2	1	2	2	2	2	2	1	2	2	1	2	1	1	1	2	2	1	2	2	2	1	2	2	1	2	2	2	1	2	2	2	1	2	1	2	2	2	2	2	2	4	2	1	2	1	2	2	2	3	2	2	2	2	2	2	2	2	1	2	1	2	1	2	1	2	2	1	1	2	1	2	2	2	2	2	2	2	2	2	1	1.639556
1	2	2	1	2	2	2	1	3	2	1	1	1	2	1	2	2	2	2	2	1	2	2	2	2	2	2	2	1	1	2	1	1	1	2	2	2	2	2	2	1	2	2	1	2	2	2	2	2	2	2	1	2	2	2	2	2	2	2	2	4	2	2	2	2	2	2	2	3	2	2	2	1	2	1	2	2	1	2	1	2	2	1	1	2	2	1	2	1	1	2	2	2	2	2	2	2	2	2	1	0.308653
1	2	2	1	2	2	2	1	3	2	1	1	1	2	1	2	2	2	2	2	1	2	2	2	2	2	2	1	2	1	2	1	1	1	2	2	1	2	2	2	2	2	2	2	2	2	2	2	2	2	2	2	2	2	2	2	2	2	2	2	4	2	2	2	2	2	2	2	3	2	2	2	2	2	2	2	2	2	2	1	2	1	1	1	2	2	2	2	2	1	2	2	2	2	2	2	2	2	2	1	0.3240851
1	2	2	1	2	1	2	1	3	2	1	1	1	2	1	2	2	2	2	2	1	2	2	2	2	2	1	1	2	1	2	1	1	1	2	2	2	2	2	2	2	2	2	2	2	2	2	2	2	2	2	1	1	2	2	2	2	2	2	2	4	2	1	2	2	2	2	2	3	2	2	2	1	2	2	2	2	1	2	1	2	1	1	1	2	2	1	1	2	1	2	2	2	2	2	2	2	2	2	1	1.223651
1	2	2	1	2	1	2	1	3	2	1	1	1	2	2	2	2	2	2	2	1	2	2	2	2	1	1	1	2	1	2	1	1	1	2	2	2	2	1	2	1	2	2	1	2	2	2	2	2	1	2	1	2	2	2	2	2	2	2	2	4	2	1	2	2	2	2	2	3	2	2	2	2	2	2	2	2	1	2	1	2	1	1	1	2	2	1	2	2	1	2	2	2	2	2	2	2	2	2	1	0.8788878
1	2	2	1	2	2	2	1	3	2	1	1	1	2	2	2	2	2	2	2	1	2	2	2	2	1	2	2	2	1	2	1	1	1	2	2	2	2	2	1	2	2	2	2	2	2	2	2	2	1	2	2	2	2	2	2	2	2	2	2	4	2	1	2	1	2	2	2	3	2	2	2	1	1	2	2	2	1	2	1	2	2	1	1	2	2	1	2	2	1	2	2	2	2	2	2	2	2	2	1	1.358888
1	2	2	1	2	1	1	1	3	2	1	1	1	2	1	2	2	2	2	2	1	2	2	2	2	2	1	1	2	1	2	1	1	1	2	2	2	2	2	2	1	2	2	1	2	2	2	2	2	2	2	2	1	2	2	2	2	2	2	2	4	2	2	2	2	2	2	2	3	2	2	2	1	2	2	2	2	1	2	3	2	2	1	1	2	2	1	2	2	1	2	2	2	2	2	2	2	2	2	1	1.045248
1	2	2	1	2	2	2	1	3	2	1	1	1	2	1	2	2	2	2	2	1	2	2	2	2	1	2	2	2	1	2	1	1	1	2	1	2	2	2	1	1	2	2	1	2	2	2	2	2	1	2	2	1	2	2	2	2	2	2	2	4	2	1	2	2	2	2	2	3	2	2	2	2	2	2	2	2	1	2	1	2	1	1	1	2	2	1	2	1	1	2	2	2	2	2	2	3	2	2	1	0.7824533
1	2	2	1	2	2	2	1	3	2	1	1	1	2	1	2	2	2	2	2	1	2	2	2	2	2	1	1	2	1	2	1	1	1	2	2	2	2	1	2	1	2	2	1	2	2	2	2	2	2	1	2	2	2	2	2	2	2	2	2	4	2	1	2	2	2	2	2	3	2	2	2	2	2	2	2	2	1	2	1	2	1	1	1	2	2	1	2	2	1	2	2	2	2	2	2	2	2	2	1	0.6901491
1	2	2	1	2	2	2	1	3	2	1	1	1	2	1	2	2	2	2	2	1	2	2	2	2	2	1	1	2	1	2	1	1	1	2	2	2	2	2	1	2	2	2	2	2	2	2	2	2	2	2	1	2	2	2	2	2	2	2	2	4	2	1	2	2	2	2	2	3	2	2	2	2	2	2	2	2	1	2	1	2	1	2	1	2	2	1	2	2	1	2	2	2	2	2	2	2	2	2	1	0.7698154
1	2	2	1	2	2	2	1	3	2	1	1	1	2	2	2	2	2	2	2	1	2	2	2	2	2	1	1	2	1	2	1	1	1	2	2	2	2	1	2	2	2	2	2	2	2	2	2	2	2	1	1	2	2	2	2	2	2	2	2	4	2	2	2	2	2	2	2	3	2	2	2	2	2	2	2	2	1	2	1	2	1	1	1	2	2	1	2	2	1	2	2	2	2	2	2	2	2	2	1	0.3081888
1	2	2	1	2	2	1	1	3	2	1	1	1	2	1	2	2	2	2	2	1	2	2	2	2	2	2	1	2	1	2	1	1	1	2	1	1	2	2	2	2	2	2	1	2	2	2	2	2	2	2	2	1	2	2	2	2	2	2	2	4	1	1	2	1	2	2	1	3	2	2	2	2	1	2	2	2	1	2	1	2	1	1	1	2	2	1	2	2	1	2	2	2	2	2	2	2	2	2	2	0.5543162
1	2	2	1	2	2	1	1	3	1	1	1	1	2	1	2	2	2	2	2	1	2	2	2	2	1	2	2	2	1	2	1	1	1	2	2	1	2	2	2	1	2	2	1	2	2	2	2	1	1	2	2	2	2	2	2	2	2	2	2	4	2	2	2	2	2	2	2	3	2	2	2	2	2	2	2	2	1	2	1	2	1	1	1	2	2	1	2	2	1	2	2	2	2	2	2	2	2	2	1	0.3853682
1	2	2	1	2	2	1	1	3	2	1	1	1	2	1	2	2	2	2	2	1	2	2	2	2	1	1	1	2	1	2	1	1	1	2	2	1	2	2	2	1	2	2	1	2	2	2	2	2	2	2	2	2	1	2	2	2	2	2	2	4	2	1	2	2	2	2	1	3	2	2	2	1	2	2	2	2	1	2	1	2	1	1	1	2	2	2	1	2	1	2	2	2	2	2	2	1	2	2	2	0.2292966
1	2	2	1	2	1	1	1	3	2	1	1	1	2	1	2	2	2	2	2	1	2	2	2	2	1	2	1	1	1	2	1	1	1	2	2	2	2	1	2	2	2	2	1	2	1	2	1	2	1	2	1	2	2	2	2	2	2	2	2	4	2	1	2	2	2	2	2	3	2	2	2	2	2	2	2	2	1	2	1	2	1	1	1	2	2	2	2	2	2	1	2	2	2	2	2	2	2	2	1	0.241727
1	2	2	1	2	2	1	1	3	2	1	1	1	2	2	1	2	2	2	2	1	2	1	2	2	1	2	1	2	1	2	1	1	1	2	2	2	2	1	2	1	2	2	1	2	2	2	2	2	2	1	1	2	2	2	2	2	2	2	2	4	1	1	2	2	2	2	2	3	2	2	2	2	2	2	2	2	1	2	1	2	1	1	1	2	2	1	2	2	1	1	2	2	2	2	2	2	1	2	1	0.3241254
1	2	2	1	2	2	2	1	3	2	1	1	1	2	1	2	2	2	2	2	1	2	2	2	2	2	2	1	1	1	2	1	1	1	2	2	2	2	1	2	2	2	2	1	2	2	2	2	2	1	1	1	1	1	2	2	2	2	2	2	4	2	1	2	2	2	2	2	3	2	2	2	2	2	2	2	2	1	2	1	2	1	1	1	2	2	1	2	2	1	2	1	2	2	2	2	2	2	2	2	1.184928
1	2	2	1	2	2	2	1	3	2	1	1	2	2	1	2	1	2	2	2	1	2	2	2	2	2	2	2	2	1	2	1	1	1	2	2	1	2	1	2	2	2	2	1	2	2	2	2	2	1	2	2	1	2	2	2	2	2	2	2	4	1	1	2	2	2	2	2	3	2	2	2	2	2	1	2	2	1	2	1	2	1	1	1	2	2	1	2	2	1	2	2	2	2	2	2	2	1	2	1	1.113725
1	1	1	2	1	1	1	2	3	1	2	2	2	1	2	1	1	1	1	1	2	1	1	1	1	1	1	1	1	2	1	2	2	2	1	1	1	1	2	1	1	1	1	2	1	1	1	1	1	1	1	2	1	1	1	1	1	1	1	1	4	1	2	1	1	1	1	1	3	1	1	1	1	1	1	1	1	2	1	2	1	2	1	2	1	1	2	1	1	2	1	1	1	1	1	1	1	1	1	2	0.537238
1	2	2	1	2	2	2	1	3	2	1	1	2	2	1	2	2	2	2	2	1	2	2	2	2	2	2	1	2	1	2	1	1	1	2	1	1	2	2	2	1	2	2	1	2	2	2	2	2	2	1	2	2	2	2	2	2	2	2	2	4	2	2	1	2	2	2	2	3	2	2	2	2	2	2	1	2	1	2	1	2	1	1	1	2	2	2	2	2	1	2	2	2	2	2	2	2	2	2	1	0.1863397
1	1	1	2	1	1	2	2	3	1	2	2	2	1	2	1	1	1	1	1	2	1	1	1	1	1	1	2	1	2	1	2	2	2	1	1	1	1	1	1	1	1	1	1	1	1	1	1	1	1	1	2	1	1	1	1	1	1	1	1	4	1	1	1	1	1	1	1	3	1	1	1	1	2	1	2	1	2	1	2	1	2	2	2	2	1	1	1	1	2	1	1	1	1	1	1	1	1	1	1	0.2001646
1	2	2	1	2	2	2	2	3	2	1	1	1	2	2	2	2	2	2	2	1	2	2	2	2	2	1	1	2	1	2	1	1	1	2	1	2	2	2	2	2	2	2	2	2	2	2	2	2	2	2	2	2	2	2	2	2	2	2	2	4	2	1	2	2	2	2	2	3	2	2	2	1	1	2	2	2	1	2	1	2	1	1	1	2	2	1	2	2	1	2	2	2	2	2	2	2	2	2	2	0.6020122
1	2	2	1	2	2	1	1	3	2	1	1	1	2	1	2	2	2	2	2	1	2	2	2	2	2	1	1	2	1	2	1	1	1	2	2	2	2	1	2	1	2	2	2	2	2	2	2	2	2	2	2	1	2	2	2	2	2	2	2	4	2	1	2	1	2	2	2	3	2	2	2	2	2	2	2	2	1	2	1	2	1	1	2	2	2	1	2	2	1	2	2	2	2	2	2	2	1	2	1	0.4532574
1	2	2	1	2	2	1	1	3	2	1	1	1	2	1	2	2	2	2	2	1	2	2	2	2	2	2	1	2	1	2	1	1	1	2	2	1	2	2	2	2	2	2	2	2	2	2	2	2	2	1	2	1	2	2	2	2	2	2	2	4	2	1	2	2	2	2	2	3	2	2	2	2	2	2	1	2	1	2	1	2	1	1	1	2	2	1	2	2	1	2	2	2	2	2	2	2	2	2	2	0.1142438
1	2	2	1	2	2	1	1	3	2	1	1	1	2	1	2	2	2	2	2	1	2	2	2	2	2	2	2	2	1	2	1	1	1	2	2	2	2	2	2	1	2	2	2	2	2	2	2	2	2	2	1	2	2	2	2	2	2	2	2	4	2	1	2	1	2	2	2	3	2	2	2	2	2	2	1	2	1	2	1	2	2	1	1	2	2	1	2	1	1	2	2	2	2	2	2	2	2	2	1	0.3495115
1	2	2	1	2	2	2	1	3	2	1	1	1	2	2	1	2	2	2	2	1	2	2	2	2	2	1	1	2	1	2	1	1	1	2	1	2	2	2	2	2	2	2	1	2	2	2	2	2	1	2	1	2	2	2	2	2	2	2	2	4	1	2	1	2	2	2	2	3	2	2	2	2	2	2	2	2	1	1	1	2	1	1	1	2	2	1	2	1	1	2	2	2	2	2	2	2	2	2	2	0.3036671
1	2	2	1	2	1	2	1	3	2	1	1	1	2	2	2	2	2	2	2	1	2	2	2	2	1	1	1	2	1	2	1	1	1	2	2	2	2	2	2	1	2	2	1	2	2	2	2	2	1	2	2	2	2	2	2	1	2	2	2	4	2	1	2	2	2	2	2	3	2	2	2	2	1	2	2	2	1	2	1	2	1	1	1	1	2	1	2	1	1	2	2	2	2	2	2	2	2	2	1	1.116585
1	2	2	1	2	1	2	1	3	2	1	1	1	2	1	2	2	2	2	2	1	1	2	2	2	2	2	1	2	1	2	1	1	1	2	2	2	2	2	2	2	2	2	1	2	2	2	2	2	2	2	2	2	2	2	2	2	2	2	2	4	2	1	2	2	2	1	2	3	2	2	2	2	2	2	2	2	1	2	1	2	1	1	1	2	2	1	2	2	1	2	2	2	2	2	2	1	2	2	1	0.3953411
1	2	2	1	2	2	2	1	3	2	1	1	1	2	1	2	2	2	2	2	1	2	2	2	2	2	1	1	2	1	2	1	1	1	2	1	2	2	2	1	2	2	2	2	2	2	2	2	2	2	2	1	2	2	2	2	2	2	2	2	4	2	2	2	1	2	2	2	3	2	2	2	2	2	2	2	2	1	2	1	2	1	1	1	2	2	1	2	1	1	2	2	2	2	2	1	1	2	2	1	0.1579818
1	2	2	1	2	1	1	1	3	2	1	1	1	2	1	1	2	2	2	2	1	1	2	2	2	1	1	1	2	1	2	1	1	1	2	2	2	2	2	2	1	2	2	1	2	2	2	2	2	1	2	2	2	2	2	2	2	2	2	2	4	2	2	2	2	2	2	2	3	2	2	2	1	2	1	2	2	1	2	3	2	1	1	1	2	2	1	1	2	1	2	2	2	2	2	2	2	2	2	1	1.195214
1	2	2	1	2	1	2	1	3	2	1	1	1	2	1	2	2	1	2	2	1	2	2	2	2	1	1	1	2	1	2	1	1	1	2	1	1	2	1	1	2	2	2	2	2	2	2	2	1	1	2	1	1	2	2	2	2	2	2	1	4	2	1	2	2	2	2	1	3	2	2	2	1	1	1	2	2	1	2	1	2	1	1	1	2	2	1	1	2	1	1	2	2	2	2	1	1	2	2	2	0.6015416
1	2	2	1	2	1	1	1	3	2	1	1	1	2	1	2	2	2	2	2	1	2	2	2	2	1	2	1	2	1	2	1	1	1	2	2	1	2	1	1	2	2	2	2	2	2	2	2	2	1	2	1	1	1	2	2	2	2	2	2	4	1	1	2	1	2	2	1	3	2	2	2	1	2	2	1	2	1	2	3	2	2	1	1	2	2	1	1	2	1	2	2	2	2	2	1	1	1	2	1	0.5345693
1	2	2	1	2	2	2	1	3	2	1	1	1	2	1	2	2	2	2	2	1	2	1	2	1	1	2	1	1	1	2	1	1	1	2	2	1	2	1	1	1	2	2	2	2	2	2	2	2	1	2	1	1	2	2	2	2	2	2	1	4	1	1	1	1	2	1	1	3	2	2	2	1	2	2	2	2	1	2	3	2	1	1	1	2	2	1	2	1	1	2	2	2	2	2	1	1	1	2	1	2.068012
1	2	2	1	2	2	2	1	3	2	1	1	2	2	2	2	2	2	2	2	1	2	2	2	2	1	1	2	2	1	2	1	1	1	2	2	2	2	2	1	1	2	2	1	2	2	2	2	2	1	2	2	2	2	2	2	2	2	2	2	4	2	2	1	2	2	2	2	3	2	2	2	2	1	2	2	2	1	2	1	2	2	1	1	2	2	1	2	1	1	2	2	2	2	2	2	1	2	2	1	0.6784476
1	2	2	1	2	2	2	1	3	2	1	1	1	2	1	2	1	2	2	2	1	2	2	2	2	1	1	2	2	1	2	1	1	1	2	1	2	2	1	2	2	2	2	1	2	2	2	2	2	2	2	1	2	2	2	2	2	2	2	2	4	1	1	2	1	2	2	2	3	2	2	2	1	1	1	2	2	2	2	1	2	1	1	1	2	2	1	2	1	1	2	1	2	2	2	2	2	2	2	1	0.4445649
1	2	2	1	2	2	1	1	3	1	1	1	1	2	2	2	2	2	2	2	1	2	2	2	2	2	1	1	2	1	2	1	1	1	2	2	2	2	2	2	1	2	2	1	2	2	2	2	2	1	1	1	2	2	2	2	2	2	2	2	4	2	1	2	1	2	2	2	3	2	2	2	2	2	2	2	2	1	1	1	2	1	1	1	1	2	1	2	2	1	2	1	2	2	2	2	2	1	2	1	0.9672216
1	2	2	1	2	2	1	1	3	2	1	1	1	2	2	2	2	2	2	2	1	2	1	2	2	1	2	1	2	1	2	1	1	1	2	1	2	2	1	2	2	2	2	1	2	2	2	2	2	1	2	2	1	2	2	2	2	2	2	2	4	1	1	2	1	2	2	2	3	2	2	2	2	1	2	2	2	1	2	1	2	1	1	1	2	2	1	2	1	1	2	2	2	2	2	2	2	2	2	2	0.5480996
1	2	2	1	2	2	1	1	3	2	1	1	1	2	2	2	2	2	2	2	1	2	1	2	2	1	1	1	2	1	2	1	1	1	2	2	2	2	1	1	2	2	2	2	2	2	2	2	2	1	2	2	2	2	2	2	2	2	2	2	4	2	2	2	1	2	2	2	3	2	2	2	2	2	2	2	2	2	2	1	2	2	1	1	2	2	1	2	1	1	2	2	2	2	2	2	2	2	2	1	0.1804481
1	2	2	1	2	2	1	1	3	2	1	1	1	2	1	2	1	2	2	2	1	2	2	2	2	1	2	1	2	1	2	1	1	1	2	2	2	2	2	2	2	2	2	1	2	2	2	1	2	2	2	1	1	2	1	2	2	2	2	2	4	2	1	2	2	2	2	2	3	2	2	2	2	2	2	2	2	1	2	1	2	1	1	1	2	2	1	2	2	1	2	2	2	2	2	2	2	2	2	1	0.2593816
1	2	2	1	2	2	2	1	3	1	1	1	1	2	1	2	2	2	2	2	1	1	2	2	2	2	2	1	2	1	2	1	1	1	2	1	2	2	2	2	1	2	2	2	2	2	2	2	2	1	2	1	2	2	2	2	2	2	2	2	4	2	2	2	2	2	2	2	3	2	2	2	1	2	2	2	2	1	2	1	2	1	2	1	2	2	1	2	2	1	2	2	2	2	2	2	1	2	2	2	0.4167649
1	2	2	1	2	2	2	1	3	2	1	1	1	2	2	2	2	2	2	2	1	2	2	2	2	1	2	1	2	1	2	1	1	1	2	2	2	2	1	2	1	2	2	1	2	2	2	2	1	2	2	1	2	2	2	2	2	2	2	2	4	1	1	2	2	2	2	2	3	2	2	2	1	2	2	2	2	1	2	1	2	1	1	1	2	2	2	2	2	1	2	2	2	2	2	2	2	2	2	1	0.8117916
1	2	2	1	2	2	2	1	3	2	1	1	2	2	1	2	2	2	2	2	1	2	2	2	2	1	2	1	2	1	2	1	1	1	2	2	2	2	2	1	1	2	2	2	2	2	2	2	2	2	2	2	2	2	2	2	2	2	2	2	4	2	1	2	1	2	2	2	3	2	2	2	2	2	2	2	2	1	2	1	2	1	1	1	2	2	2	2	2	1	2	2	2	2	2	2	2	2	2	2	1.11228
1	2	2	1	2	2	2	1	3	2	1	1	1	2	2	2	2	2	2	2	1	2	2	2	2	2	2	1	2	1	2	1	1	1	2	2	2	2	2	1	2	2	2	1	2	2	2	2	2	1	2	1	2	2	2	2	2	2	2	2	4	2	2	2	2	2	2	2	3	2	2	2	2	2	2	2	2	1	2	1	2	1	1	1	2	2	1	1	2	1	2	2	2	2	2	2	2	2	2	2	0.1762631
1	2	2	1	2	2	1	1	3	2	1	1	1	2	1	2	2	2	2	2	1	1	2	2	2	2	1	1	2	1	2	1	1	1	2	2	2	2	2	2	2	2	2	1	2	2	2	2	2	2	2	1	2	2	2	2	2	2	2	2	4	2	1	2	2	2	2	2	3	2	2	2	2	2	2	2	2	1	2	1	2	1	1	1	2	2	1	2	2	1	2	2	2	2	2	2	2	2	2	1	0.7425282
1	2	2	1	2	2	2	1	3	2	1	1	2	2	1	2	2	2	2	2	1	2	2	2	2	2	1	1	2	1	2	1	1	1	2	1	2	2	2	1	2	2	2	2	2	2	2	2	2	2	2	2	2	2	2	2	2	2	2	2	4	2	1	2	2	2	2	2	3	2	2	2	1	2	2	2	2	1	2	1	2	1	2	1	2	2	2	2	1	2	2	2	2	2	2	2	2	1	2	1	0.7445779
1	1	1	2	1	1	1	2	3	2	2	2	2	1	2	1	1	1	1	1	2	1	2	1	1	1	1	2	1	2	1	2	2	2	1	2	1	1	1	1	2	1	1	2	2	2	1	1	1	1	1	2	2	1	1	1	1	1	1	1	4	1	1	1	1	1	1	1	3	1	1	1	1	1	1	1	1	2	1	2	1	2	2	2	1	1	2	1	1	2	1	1	1	1	1	1	1	1	1	2	0.4870326
1	2	2	1	2	2	2	1	3	2	1	1	1	2	1	2	2	2	2	2	1	2	2	2	2	2	2	1	2	1	2	1	1	1	2	2	2	2	2	2	2	2	2	2	2	2	2	2	2	1	2	1	1	2	2	2	2	2	2	2	4	2	1	2	2	2	2	2	3	2	2	2	2	2	2	2	2	1	2	1	2	2	1	1	2	2	2	2	2	1	2	2	2	2	2	2	2	2	2	1	0.4918513
1	2	2	1	2	2	2	1	3	2	1	1	2	2	2	2	2	2	2	2	1	2	2	2	2	2	1	2	2	1	2	1	1	1	2	2	2	2	2	1	2	2	2	2	2	2	2	2	2	2	2	2	2	2	2	2	2	2	2	2	4	2	2	2	2	2	2	2	3	2	2	2	2	2	2	2	2	1	2	1	2	2	1	1	2	2	1	2	2	1	2	2	2	2	2	2	2	2	2	1	0.219812
1	2	2	1	2	2	2	1	3	2	1	1	1	2	2	1	2	2	2	2	1	2	2	2	2	1	2	2	2	1	2	1	1	1	2	2	1	2	2	2	2	2	2	1	2	2	2	2	2	2	2	1	2	2	2	2	2	2	2	2	4	2	2	2	1	2	2	2	3	2	2	2	2	2	2	2	2	1	2	1	2	2	1	1	2	2	1	2	2	2	2	2	2	2	2	2	1	2	2	2	0.2664687
1	2	2	1	2	2	1	1	3	2	1	1	1	2	2	2	2	2	2	2	1	2	2	2	2	2	2	2	2	1	2	1	1	2	2	2	2	2	1	2	2	2	2	2	2	2	2	2	2	1	2	1	2	2	2	2	2	2	2	2	4	2	1	2	2	2	2	2	3	2	2	2	2	2	1	2	2	1	2	1	2	2	1	1	2	2	1	2	2	1	2	2	2	2	2	2	2	2	2	1	0.6369966
1	2	2	1	2	2	2	1	3	2	1	1	2	2	2	2	2	2	2	2	1	2	2	2	2	2	2	1	2	1	2	1	1	2	2	2	2	2	1	1	2	2	2	1	2	2	2	2	2	1	2	2	1	2	2	2	2	2	2	2	4	2	1	2	2	2	2	2	3	2	2	2	2	2	2	2	2	1	2	1	2	1	1	1	2	2	1	2	2	1	2	2	2	2	2	2	2	1	2	1	0.5132573
1	2	2	1	2	2	1	1	3	2	1	1	1	2	1	2	2	2	2	2	1	2	2	2	2	2	2	1	2	1	2	1	1	1	2	2	2	2	1	2	1	2	2	2	2	2	2	2	2	1	2	2	2	2	2	2	2	2	2	2	4	2	1	2	1	2	2	2	3	2	2	2	2	2	2	2	2	1	2	1	2	1	1	1	2	2	1	2	2	1	2	2	2	2	2	2	2	2	2	1	0.3835685
1	2	2	1	2	2	2	1	3	2	1	1	1	2	1	2	2	2	2	2	1	2	2	2	2	2	1	1	2	1	2	1	1	1	2	2	2	2	2	2	2	2	2	2	2	2	2	2	2	2	2	2	2	2	2	2	2	2	2	2	4	2	1	2	2	2	2	2	3	2	2	2	2	2	2	2	2	1	2	1	2	1	1	1	2	2	1	2	2	1	2	2	2	2	2	2	2	2	2	1	0.3824224
1	2	2	1	2	2	2	1	3	2	1	1	2	2	1	2	2	2	2	2	1	1	2	2	2	1	2	1	2	1	2	1	1	1	2	2	2	2	1	2	2	2	2	2	2	2	2	2	2	2	2	2	2	2	2	2	2	2	2	2	4	2	1	2	2	2	2	2	3	2	2	2	2	1	2	2	2	1	2	1	2	1	1	2	2	2	1	2	2	1	2	2	2	2	2	2	2	2	2	2	0.388291
1	2	2	1	2	2	2	1	3	2	1	1	1	2	2	2	1	2	2	2	1	2	2	2	2	2	2	2	2	1	2	1	1	1	2	2	2	2	2	2	2	2	2	2	2	2	2	2	2	2	2	2	2	2	2	2	2	2	2	2	4	1	1	2	2	2	2	2	3	2	2	2	2	2	2	2	2	1	2	1	2	2	1	1	2	2	1	2	2	1	2	2	2	2	2	1	2	2	2	1	1.068565
1	2	2	1	2	2	2	1	3	2	1	1	1	2	1	2	2	2	2	2	1	2	2	2	2	2	2	1	2	1	2	1	1	1	2	2	1	2	2	1	2	2	2	1	2	2	2	2	2	1	2	2	2	2	2	2	2	2	2	2	4	2	2	2	2	2	2	2	3	2	2	2	2	2	2	2	2	1	2	1	2	1	2	1	2	2	1	2	1	1	2	2	2	2	2	2	2	2	2	2	0.1136869
1	2	2	1	2	2	2	1	3	2	1	1	1	2	1	2	2	2	2	2	1	2	2	2	2	2	2	2	1	1	2	1	1	1	2	2	2	2	1	2	2	2	2	1	2	2	2	2	2	2	2	1	2	2	2	2	2	2	2	2	4	2	2	2	2	2	2	2	3	2	2	2	2	2	2	2	2	1	2	1	2	1	1	1	2	2	2	2	2	1	2	2	2	2	2	2	2	1	2	2	0.2396596
1	2	2	1	2	2	2	1	3	1	1	1	1	2	1	2	2	2	2	2	1	2	2	2	2	2	2	1	2	1	2	1	1	1	2	1	2	2	1	2	2	2	2	1	2	2	2	1	2	1	1	2	2	2	2	2	2	2	2	2	4	1	2	2	1	2	2	2	3	2	2	2	2	2	2	2	2	1	2	1	2	1	1	1	2	2	1	2	2	1	2	2	2	2	2	2	2	2	2	1	0.5306857
1	2	2	1	2	2	1	1	3	2	1	1	1	2	1	2	2	2	2	2	1	2	2	2	2	2	1	1	2	1	2	1	1	1	2	1	2	2	1	2	2	2	2	1	2	2	2	2	2	1	1	1	2	2	2	2	2	2	2	2	4	2	1	1	1	2	2	2	3	2	2	2	2	2	2	2	2	1	2	1	2	1	1	1	2	2	1	2	2	1	2	2	2	2	2	2	2	2	2	2	0.2673315
1	2	2	1	2	2	2	1	3	2	1	1	1	2	2	2	1	2	2	2	1	2	2	2	2	2	1	1	1	1	2	1	1	1	2	2	2	2	2	2	1	2	2	1	2	2	2	2	2	2	2	1	1	2	2	2	2	2	2	2	4	2	2	2	2	2	2	2	3	1	2	2	2	2	2	2	2	1	2	1	2	2	1	1	2	2	1	2	2	1	2	1	2	2	2	2	2	2	2	1	1.112585
1	2	2	1	2	2	1	1	3	2	1	1	1	2	2	2	2	2	2	2	1	2	2	2	2	2	2	1	2	1	2	1	1	1	2	2	2	2	2	2	1	2	2	1	2	2	2	2	2	1	2	1	2	2	2	2	2	2	2	2	4	2	1	2	2	2	2	2	3	2	2	2	2	2	2	2	2	1	2	1	2	1	1	1	2	2	2	2	2	1	2	2	2	2	2	2	2	2	2	1	0.704238
1	2	2	1	2	2	1	1	3	2	1	1	1	2	2	1	2	2	2	2	1	2	2	2	2	1	2	1	2	1	2	1	1	1	2	1	2	2	1	2	2	2	2	1	2	2	2	2	2	1	2	2	2	2	2	2	2	2	2	2	4	2	1	2	2	2	2	2	3	2	2	2	1	2	2	2	2	2	2	1	2	1	2	1	2	2	1	2	2	1	2	2	2	2	2	2	2	2	2	1	0.6556194
1	2	2	1	2	2	2	1	3	2	1	1	1	2	1	2	2	1	2	2	1	2	2	2	2	2	2	1	2	1	2	1	1	1	2	2	2	2	2	2	2	2	2	2	2	2	2	2	2	2	2	2	2	2	2	2	2	2	2	2	4	2	2	2	1	2	2	2	3	2	2	2	2	2	2	2	2	1	2	1	2	1	1	1	2	2	1	2	2	1	2	2	2	2	2	2	2	2	2	1	0.384764
1	1	1	2	1	1	1	2	3	1	2	2	2	1	1	1	2	1	1	1	2	1	1	1	1	1	2	2	1	2	1	2	2	1	1	1	1	1	2	1	1	1	1	1	1	1	1	1	1	2	1	1	1	1	1	1	1	1	1	1	4	1	1	1	1	1	1	1	3	1	1	1	1	1	1	1	1	1	1	2	1	1	1	2	1	1	2	1	1	1	1	1	1	1	1	1	1	1	1	2	0.2414444
1	2	2	1	2	2	1	1	3	2	1	1	1	2	2	2	2	2	2	2	1	2	2	2	2	2	2	2	2	1	2	1	1	1	2	2	1	2	2	2	2	2	2	2	2	2	2	2	2	1	2	2	2	2	2	2	2	2	2	2	4	2	2	2	2	2	2	2	3	2	2	2	2	2	2	2	2	2	2	1	2	1	1	2	2	2	2	2	2	1	2	2	2	2	2	2	2	2	2	2	0.2035719
1	1	1	2	1	1	1	2	3	1	2	2	2	1	2	1	1	1	1	1	2	1	1	1	2	2	2	2	1	2	1	2	2	2	1	1	1	1	1	1	2	1	1	1	2	1	1	1	1	1	1	1	1	1	1	1	1	1	1	1	4	1	1	1	1	1	1	1	3	1	1	1	1	1	1	1	1	2	1	2	1	2	2	1	1	1	1	1	1	2	1	1	1	1	1	1	1	1	1	1	0.5446314
1	2	2	1	2	2	1	1	3	2	1	1	1	2	1	2	2	2	2	2	1	2	2	2	2	1	1	2	2	1	2	1	1	1	2	2	2	2	2	2	2	2	2	1	2	2	2	2	2	1	2	2	2	2	2	2	2	2	2	2	4	2	1	2	2	2	2	2	3	2	2	2	2	2	2	2	2	1	2	1	2	1	1	1	2	2	1	2	1	1	2	2	2	2	2	2	2	2	2	1	0.8918715
1	2	2	1	2	2	2	1	3	1	1	1	1	2	2	2	2	2	2	2	1	2	2	2	2	2	2	1	2	1	2	1	1	1	2	2	2	2	2	2	2	2	2	2	2	2	2	2	2	2	2	2	2	2	2	2	2	2	2	2	4	2	1	2	2	2	2	2	3	2	2	2	2	2	2	2	2	1	2	1	2	2	1	1	2	2	2	2	2	1	2	2	2	2	2	2	2	2	2	1	0.6840002
1	2	2	1	2	2	2	1	3	2	1	1	1	2	2	2	2	2	2	2	1	2	2	2	2	1	2	1	1	1	2	1	1	1	2	2	2	2	1	1	2	2	2	1	2	2	2	2	2	1	2	2	2	2	2	2	2	2	2	2	4	2	1	2	2	2	2	2	3	2	2	2	2	2	2	2	2	2	2	1	2	1	1	1	2	2	1	1	2	1	2	2	2	2	2	2	2	2	2	1	1.104085
1	2	2	1	2	2	2	1	3	2	1	1	1	2	1	2	2	2	2	2	1	2	2	2	2	1	2	1	2	1	2	1	1	1	2	2	2	2	2	2	2	2	2	1	2	2	1	2	2	1	2	1	1	2	2	2	2	2	2	2	4	2	1	2	2	2	2	2	3	2	2	2	2	2	2	2	2	1	2	1	1	1	1	1	2	2	1	2	2	1	2	2	2	2	2	2	2	2	2	1	0.232149
1	2	2	1	2	2	1	1	3	2	1	1	1	2	1	2	2	2	2	2	1	2	2	2	2	2	2	1	2	1	2	1	1	1	2	1	2	2	2	2	2	2	2	1	2	2	2	2	2	2	2	1	2	2	2	2	2	2	2	2	4	1	1	2	2	2	2	2	3	2	2	2	1	2	2	2	2	1	2	1	2	1	1	1	2	2	1	2	1	1	2	2	2	2	2	2	1	2	2	1	1.138785
1	2	1	1	2	2	1	1	3	2	1	1	1	2	1	2	2	2	2	2	1	2	2	2	2	1	2	1	2	1	2	1	1	1	2	2	2	2	1	2	2	2	2	1	2	2	2	2	2	1	2	1	1	2	2	2	2	2	2	2	4	1	1	2	1	2	2	2	3	2	2	2	2	2	2	2	2	1	2	1	2	1	1	1	2	2	1	2	1	1	2	2	2	2	2	2	2	2	2	1	0.2373566
1	2	2	1	2	2	1	1	3	2	1	1	1	2	1	2	2	1	2	2	1	2	2	2	2	1	1	1	1	1	2	1	1	2	2	2	2	2	1	2	2	2	2	2	2	2	2	1	2	2	2	1	2	2	2	2	2	2	2	2	4	2	1	2	1	2	2	2	3	2	2	2	2	2	1	2	2	1	2	1	2	1	1	1	2	2	1	2	2	1	2	2	2	2	2	2	2	2	2	1	0.2474088
1	2	1	1	2	2	2	1	3	2	1	1	1	2	1	2	2	2	2	2	1	1	2	2	2	1	1	1	2	1	2	1	1	1	2	2	2	2	2	1	1	2	2	1	2	2	2	1	2	2	1	2	1	2	2	2	2	2	2	2	4	2	1	2	2	2	2	2	3	1	2	2	2	2	2	2	2	1	2	1	2	1	2	1	2	2	1	1	2	1	2	2	2	2	2	2	2	2	2	1	0.2511511
1	1	2	1	2	1	2	1	3	2	1	1	1	2	1	2	2	2	2	2	1	2	2	2	2	1	1	1	2	1	2	1	1	1	2	2	2	2	1	2	2	2	2	2	2	1	2	2	2	1	2	1	1	2	2	2	2	2	2	2	4	2	1	2	1	2	2	2	3	2	2	2	1	2	2	2	2	1	2	1	2	2	1	1	1	2	2	1	1	1	2	2	1	2	2	2	2	2	2	1	0.5289213
1	2	2	1	2	2	2	1	3	2	1	1	1	2	2	2	2	2	2	2	1	2	2	2	2	2	1	2	2	1	2	1	1	1	2	2	2	2	1	2	1	2	2	1	2	2	2	2	2	2	2	1	2	2	2	2	2	2	2	2	4	2	1	2	1	2	2	2	3	2	2	2	2	2	2	2	2	1	2	1	2	1	1	1	2	2	1	2	2	1	2	2	2	2	2	2	1	2	2	1	0.760933
1	2	2	1	2	1	2	1	1	2	1	1	1	2	2	2	2	2	2	2	1	2	2	2	2	1	1	1	2	1	2	1	1	1	2	1	1	2	2	1	1	2	2	1	2	2	2	2	2	2	1	2	2	2	2	2	2	2	2	2	3	2	1	2	2	2	2	2	4	2	2	2	1	2	2	2	2	1	2	1	2	1	1	1	2	2	1	2	1	1	1	2	2	2	2	2	1	2	2	1	0.6484255
1	2	2	1	2	1	2	1	3	1	1	1	1	2	1	2	2	2	2	2	1	2	2	2	2	1	1	1	2	1	2	1	1	1	2	1	2	2	2	2	2	2	2	2	2	2	2	1	2	2	2	2	1	2	2	2	2	2	2	2	4	2	1	2	2	2	2	2	3	2	2	2	2	2	2	2	2	1	1	1	2	1	1	1	2	2	1	2	1	1	2	2	2	2	2	2	2	1	2	1	0.9793686
1	2	2	1	2	2	2	1	3	2	1	1	1	2	1	2	2	2	2	2	1	2	2	2	2	2	2	1	1	1	2	1	1	1	2	2	2	2	1	2	2	1	2	1	2	2	2	2	2	1	2	1	1	2	2	2	2	2	2	2	4	2	2	2	2	2	2	2	3	1	2	2	1	2	2	2	2	1	2	1	2	1	1	1	2	2	1	2	2	1	2	2	2	2	2	2	2	2	2	1	0.7004727
1	2	2	1	2	2	2	1	3	2	1	1	1	2	1	2	2	2	2	2	1	2	2	2	2	2	2	2	2	1	2	1	1	1	2	2	2	2	1	2	2	2	2	1	2	2	2	2	2	2	2	2	2	2	2	2	2	2	2	2	4	1	1	2	2	2	2	2	3	2	2	2	2	1	2	2	2	1	2	3	2	1	1	1	2	2	1	2	2	1	2	2	2	2	2	2	2	2	2	1	0.5260958
1	2	1	1	2	2	1	1	3	2	1	1	1	2	1	2	1	2	2	2	1	2	2	2	2	1	1	1	2	1	2	1	1	1	2	2	2	2	1	2	1	2	2	1	2	2	2	2	2	1	2	1	1	2	2	2	2	2	2	2	4	2	1	2	1	2	2	2	3	2	2	2	1	2	2	2	2	1	2	1	2	1	1	1	2	2	1	2	1	1	2	2	2	2	2	2	2	2	2	1	0.7370009
1	2	2	1	2	1	2	1	3	2	1	1	1	2	1	2	2	2	2	2	1	2	2	2	2	2	2	1	2	1	2	1	1	1	2	2	1	2	2	1	2	2	2	1	2	2	2	2	2	2	2	1	2	2	2	2	2	2	2	2	4	2	1	2	2	2	2	2	3	2	2	2	1	2	2	2	2	1	2	1	2	2	1	1	2	2	1	1	2	1	2	2	2	2	1	2	1	2	2	1	0.1827482
1	2	2	1	2	2	2	1	3	2	1	1	1	2	2	2	2	2	2	2	1	2	2	2	2	2	2	2	2	1	2	1	1	1	2	2	2	2	1	2	1	2	2	1	2	2	2	2	2	2	2	2	2	2	2	2	2	2	2	2	4	2	1	2	2	2	2	2	3	2	2	2	2	2	1	2	2	1	2	1	2	1	1	1	2	2	1	2	2	1	2	2	2	2	2	2	2	2	2	2	0.2772819
1	2	2	1	2	2	2	1	3	2	1	1	1	2	2	2	2	1	2	2	1	1	2	1	2	1	2	1	2	1	2	1	1	1	2	1	2	1	2	2	1	2	2	1	1	2	2	2	1	1	1	2	2	2	2	2	1	2	2	2	4	2	1	1	2	2	2	1	3	2	2	2	2	2	2	2	2	1	2	1	2	2	1	1	2	2	1	2	1	1	2	2	2	2	2	2	2	1	2	1	0.6010109
1	1	1	2	1	1	1	2	3	1	2	2	1	1	1	1	1	1	1	1	2	1	1	1	1	1	2	2	1	2	2	2	2	2	1	1	1	1	2	1	1	1	1	1	1	1	1	1	1	2	1	1	2	1	1	1	1	1	1	1	4	1	2	1	1	1	1	1	3	1	1	1	1	1	1	1	1	2	1	2	1	2	2	2	1	1	2	2	1	2	1	1	1	1	1	1	1	1	1	2	0.2549968
1	2	2	1	2	2	2	1	3	2	1	1	2	2	2	2	2	2	2	2	1	2	2	2	2	2	1	1	2	1	2	1	1	1	2	2	2	2	2	2	2	2	2	2	2	2	2	2	2	1	2	2	2	2	2	2	2	2	2	2	4	2	2	2	2	2	2	2	3	2	2	2	2	2	2	2	2	2	2	1	2	1	2	1	2	2	1	2	2	1	2	2	2	2	2	2	2	2	2	1	0.176583
1	1	1	2	1	1	2	2	3	1	2	2	2	1	2	1	1	1	1	1	2	1	1	1	1	1	1	2	1	2	1	2	2	2	1	2	1	1	1	1	1	1	1	2	1	1	1	1	1	2	1	2	1	1	1	1	1	1	1	1	4	2	2	1	1	1	1	1	3	1	1	1	1	1	1	1	1	2	1	2	1	2	2	2	1	1	2	1	1	2	1	1	1	1	1	1	1	1	1	1	0.5298787
1	2	2	1	2	2	2	1	3	2	1	1	1	2	2	2	2	2	2	2	1	2	2	2	2	1	1	1	2	1	2	1	1	1	2	2	1	2	2	2	2	2	2	1	2	2	2	2	2	2	2	1	2	2	2	2	2	2	2	2	4	2	2	2	2	2	2	2	3	2	2	2	2	2	2	2	2	1	2	1	2	1	1	1	2	2	1	2	2	1	2	2	2	2	2	2	1	2	2	1	0.3494101
1	1	1	2	1	1	1	2	3	1	2	2	2	1	1	1	1	1	1	1	2	1	1	1	1	1	1	1	1	2	1	2	2	2	1	1	1	1	1	1	1	1	1	2	1	1	1	1	1	1	1	1	1	1	1	1	1	1	1	1	4	1	1	1	1	1	1	1	3	1	1	1	1	1	1	1	1	1	1	2	1	2	2	2	1	1	1	1	1	2	1	1	1	1	1	1	1	1	1	1	0.2604161
1	2	2	1	2	2	2	1	3	2	1	1	1	2	2	2	2	2	2	2	1	2	2	2	2	2	2	2	2	1	2	1	1	1	2	2	2	2	2	2	2	2	2	2	2	2	2	2	2	1	2	2	2	2	2	2	2	2	2	2	4	2	2	2	2	2	2	2	3	2	2	2	2	2	2	2	2	1	2	1	2	1	2	1	2	2	1	2	2	1	2	2	2	2	2	2	2	2	2	2	0.2504715
1	2	2	1	2	1	2	1	3	2	1	1	1	2	1	2	2	2	2	2	1	2	2	2	2	2	2	1	2	1	2	1	1	1	2	2	2	2	2	2	2	2	2	2	2	2	2	2	2	1	2	2	2	2	2	2	2	2	2	2	4	2	2	2	1	2	2	2	3	2	2	2	2	2	2	2	2	1	2	1	2	1	2	1	2	2	1	2	2	1	2	2	2	2	2	2	2	2	2	2	0.3597223
1	2	2	1	2	2	2	1	3	2	1	1	1	2	1	2	2	2	2	2	1	2	2	2	2	1	1	1	2	1	2	1	1	1	2	2	2	2	2	2	2	2	2	2	2	2	2	2	2	2	2	2	2	2	2	2	2	2	2	2	4	2	2	2	2	2	2	2	3	2	2	2	1	2	2	2	2	1	2	1	2	2	2	1	2	2	1	2	2	1	2	2	2	2	2	2	2	2	2	2	0.423893
1	1	1	2	1	1	2	2	3	1	2	2	2	1	1	1	1	1	1	1	2	1	1	1	1	1	2	1	1	2	1	2	2	2	1	1	1	1	1	1	2	1	1	2	1	1	1	1	1	1	1	1	1	1	1	1	1	1	1	1	4	1	1	1	1	1	1	1	3	1	1	1	1	1	1	1	1	2	1	2	1	2	1	2	1	1	1	1	1	2	1	1	1	1	1	1	1	1	1	2	0.8076312
1	1	1	2	1	1	1	2	3	1	2	2	2	1	1	1	1	1	1	1	2	1	1	1	1	1	1	2	1	2	1	2	2	2	1	1	2	1	1	1	2	1	1	1	1	1	1	1	1	1	2	1	1	1	1	1	1	1	1	1	4	1	2	1	1	1	1	1	5	1	1	1	1	1	1	1	1	2	1	2	1	2	1	2	1	1	1	1	1	1	1	1	1	1	1	1	1	2	1	1	0.5442914
1	1	1	2	1	1	1	2	3	1	2	2	1	1	1	1	1	1	1	1	2	1	1	1	1	1	1	1	1	2	1	2	2	2	1	1	1	1	1	1	1	1	1	1	1	1	1	1	1	1	2	2	1	1	1	1	1	1	1	1	4	1	1	1	1	1	1	2	5	1	1	1	1	1	1	1	1	2	1	2	1	2	2	2	1	1	1	1	1	2	1	1	1	1	1	1	2	1	1	1	0.3825644
1	1	1	2	1	1	1	2	3	1	2	2	1	1	1	1	1	1	1	1	2	1	1	1	1	1	1	1	1	2	1	2	2	2	1	1	1	1	1	1	1	1	1	1	1	1	1	1	1	1	1	1	1	1	1	1	1	1	1	1	4	1	2	1	1	1	1	1	5	1	1	1	1	1	1	1	1	2	1	2	1	1	2	2	1	1	1	1	1	1	1	1	1	1	1	1	1	1	1	1	0.8018462
1	1	1	2	1	1	1	2	3	1	2	2	2	1	1	1	1	1	1	1	2	1	1	1	1	1	2	1	1	2	1	2	2	2	1	1	1	1	1	2	1	1	1	2	1	1	1	1	1	1	1	1	1	1	1	1	1	1	1	1	4	2	2	1	1	1	1	1	5	1	1	1	1	1	1	1	1	2	1	2	1	1	1	2	1	1	1	1	1	1	1	1	1	1	1	1	1	1	1	1	0.7075706
1	1	1	2	1	1	1	2	3	1	2	2	2	1	1	1	1	1	1	1	2	1	1	1	1	1	1	1	1	2	1	2	2	2	1	1	1	1	1	1	1	1	1	1	1	1	1	1	1	1	1	1	1	1	1	1	1	1	1	1	4	1	1	1	2	1	1	1	5	1	1	1	1	1	1	1	1	2	1	2	1	2	1	2	1	1	1	1	1	2	1	1	1	1	1	1	1	1	1	1	0.823255
1	2	2	1	2	2	1	1	3	2	1	1	1	2	2	2	2	2	2	2	1	2	2	2	2	2	2	2	2	1	2	1	1	1	2	2	2	2	2	2	1	2	2	2	2	2	2	2	2	1	2	1	2	2	2	2	2	2	2	2	4	2	2	2	2	2	2	2	5	2	2	2	2	2	2	2	2	1	2	1	2	2	2	1	2	2	1	2	2	2	2	2	2	2	2	2	2	2	2	2	0.5722336
1	2	2	1	2	2	2	1	3	2	1	1	1	2	2	2	2	2	2	2	1	2	2	2	2	2	2	2	2	1	2	1	1	1	2	2	2	2	2	2	2	2	2	2	2	2	2	2	2	2	2	2	2	2	2	2	2	2	2	2	4	2	1	2	2	2	2	2	5	2	2	2	2	2	2	2	2	1	2	1	2	1	2	2	2	2	1	2	2	2	2	2	2	2	2	2	2	2	2	1	1.127607
1	1	1	2	1	1	1	2	3	1	2	2	1	1	1	1	1	1	1	1	2	1	1	1	1	1	1	1	1	2	1	2	2	2	1	1	1	1	1	1	1	1	1	1	1	1	1	1	1	1	1	1	1	1	1	1	1	1	1	1	4	1	2	1	1	1	1	2	5	1	1	1	1	1	1	1	1	2	1	2	1	2	2	2	1	1	1	1	1	2	1	1	1	1	1	1	1	1	1	2	0.3984339
1	1	1	2	1	1	1	2	3	1	2	2	2	1	2	1	1	1	1	1	2	1	1	1	1	1	1	2	1	2	1	2	2	1	1	1	1	1	1	1	1	1	1	1	1	1	1	1	1	2	1	1	1	1	1	1	1	1	1	1	4	1	2	1	1	1	1	1	5	1	1	1	1	1	1	1	1	2	1	2	1	1	2	2	1	1	2	1	1	2	1	1	1	1	1	1	1	1	1	1	0.6889853
1	2	2	1	2	2	1	1	3	2	1	1	2	2	2	2	2	2	2	2	1	2	1	2	1	2	1	1	2	1	2	1	1	1	2	2	2	2	2	2	2	2	2	2	2	2	2	2	2	1	2	2	2	2	2	2	2	2	2	2	4	2	1	2	2	2	2	2	5	2	2	2	2	2	2	2	2	1	2	1	2	1	1	1	2	2	1	2	2	1	2	2	2	2	2	2	2	2	2	1	0.3207609
1	2	2	1	2	2	2	1	3	2	1	1	1	2	1	2	2	2	2	2	1	2	2	2	2	2	1	1	2	1	2	1	1	2	2	2	2	2	1	2	1	2	2	1	2	2	2	2	2	1	1	2	2	2	2	2	2	2	2	2	4	2	1	2	1	2	2	2	5	2	2	2	1	2	2	2	2	1	2	1	2	1	2	1	2	2	1	2	1	1	2	2	2	2	2	2	2	2	2	1	0.2253877
1	2	2	1	2	2	2	1	3	2	1	1	1	2	2	2	2	2	2	2	1	2	2	2	2	2	2	1	2	1	2	1	1	1	2	2	2	2	2	2	2	2	2	2	2	2	2	2	2	2	2	1	2	2	2	2	2	2	2	2	4	2	1	2	2	2	2	2	5	2	2	2	2	2	2	2	2	1	2	1	2	2	1	1	2	2	2	1	2	1	2	2	2	2	2	2	2	2	2	2	0.9316332
1	1	1	2	1	1	1	2	3	1	2	2	2	1	1	1	1	1	1	1	2	1	1	1	1	1	1	2	1	2	1	2	2	1	1	1	1	1	1	1	1	1	1	1	1	1	1	1	1	1	1	1	1	1	1	1	1	1	1	1	4	1	1	1	2	1	1	1	5	1	1	1	1	1	1	1	1	2	1	2	1	2	1	2	1	1	1	1	1	1	1	1	1	1	1	1	1	1	1	1	0.9076567
1	1	1	2	1	1	2	2	3	1	2	2	1	1	2	1	1	1	1	1	2	1	1	1	1	1	2	2	1	2	1	2	2	2	1	2	1	1	1	1	1	1	1	1	1	1	1	1	1	1	1	1	1	1	1	1	1	1	1	1	4	1	2	1	1	1	1	1	5	1	1	1	2	1	1	1	1	2	1	2	1	2	1	2	1	1	1	1	1	2	2	1	1	1	1	1	1	1	1	1	0.4595419
1	1	2	2	1	1	2	2	3	1	2	2	2	1	1	1	1	2	1	1	2	1	1	1	1	1	1	1	1	2	1	2	2	2	1	1	1	1	1	1	1	1	1	2	1	1	1	1	1	2	1	1	1	1	1	1	1	1	1	1	4	1	1	1	1	1	1	1	5	1	1	1	1	1	1	1	1	2	1	2	1	1	1	2	1	1	2	1	1	2	1	1	1	1	1	1	1	1	1	2	0.3111781
1	1	1	2	1	1	1	2	3	1	2	2	2	1	1	1	1	1	1	1	2	1	1	1	1	1	1	1	1	2	1	2	2	1	1	1	1	1	1	1	1	1	1	1	1	1	1	1	1	1	1	1	1	1	1	1	1	1	1	1	4	1	1	1	1	1	1	1	5	1	1	1	1	1	1	1	1	1	1	2	1	1	1	2	1	1	1	1	1	1	1	1	1	1	1	1	1	1	1	1	1.10781
1	1	1	2	1	1	1	2	3	1	2	2	1	1	1	1	1	1	1	1	2	1	1	1	1	1	1	1	1	2	1	2	2	2	1	1	1	1	1	1	1	1	1	1	1	1	1	1	1	1	1	1	1	1	1	1	1	1	1	1	4	1	1	1	1	1	1	1	5	1	1	1	1	1	2	1	1	1	1	2	1	2	2	2	1	1	2	1	1	2	1	1	1	1	1	1	1	1	1	2	0.5166876
1	2	2	1	2	2	2	1	3	2	1	1	1	2	1	2	2	2	2	2	1	2	2	2	2	2	2	2	2	1	2	1	1	1	2	2	2	2	2	2	2	2	2	2	2	2	2	2	2	1	2	2	2	2	2	2	2	2	2	2	4	2	1	2	2	2	2	2	5	2	2	2	2	2	2	2	2	1	2	1	2	1	2	1	2	2	2	2	2	1	2	2	2	2	2	2	2	2	2	2	0.5332912
1	1	1	1	1	1	1	2	3	1	2	1	1	1	1	1	1	1	1	1	2	1	1	1	1	1	1	1	1	2	1	2	2	2	1	1	1	1	1	1	1	1	1	1	1	1	1	1	1	2	1	1	1	1	1	1	1	1	1	1	4	1	1	1	1	1	1	1	5	1	1	1	1	1	1	1	1	2	1	2	1	2	1	2	1	1	1	1	1	2	1	1	1	1	1	1	1	1	1	2	1.688131
1	1	1	2	1	1	1	1	3	1	2	2	2	1	1	1	1	1	1	1	2	1	1	1	1	2	1	2	1	2	1	2	2	2	1	1	2	1	1	1	1	1	1	1	1	1	1	1	1	1	1	1	1	1	1	1	1	1	1	1	4	1	1	1	1	1	1	1	5	1	1	1	1	1	1	1	1	2	1	2	1	2	1	2	1	1	1	1	1	2	1	1	1	1	1	1	1	1	1	1	0.5255342
1	2	2	1	2	2	2	1	3	2	1	1	1	2	2	2	2	2	2	2	1	2	2	2	2	2	2	2	2	1	2	1	1	1	2	2	2	2	2	2	2	2	2	1	2	2	2	2	2	1	2	2	2	2	2	2	2	2	2	2	4	2	1	2	2	2	2	2	5	2	2	2	2	2	2	2	2	1	2	1	2	1	1	1	2	2	1	2	2	1	2	2	2	2	1	2	2	2	2	1	0.7470797
1	2	2	1	2	1	2	1	3	2	1	1	1	2	1	2	2	2	2	2	1	2	2	2	2	1	2	1	2	1	2	1	1	1	2	2	2	2	2	2	2	2	2	2	2	2	2	2	2	1	2	1	2	2	2	2	2	2	2	2	4	2	1	2	2	2	2	2	5	2	2	2	2	2	2	2	2	1	2	1	2	2	1	1	2	2	1	1	2	1	2	2	2	2	1	2	2	2	2	1	1.337093
1	1	1	2	1	1	1	2	3	1	2	2	2	1	1	1	1	1	1	1	2	1	1	1	1	1	2	2	2	2	1	2	2	2	1	1	1	1	1	2	2	1	1	2	1	1	1	1	1	1	1	2	1	1	1	1	1	1	1	1	4	1	2	1	1	1	1	1	5	1	1	1	1	1	1	1	1	2	1	2	1	2	1	2	1	1	2	1	1	2	1	1	1	1	1	1	1	1	1	2	0.5699151
1	1	1	2	1	1	1	2	3	1	2	2	2	1	2	1	1	1	1	1	2	1	1	1	1	1	1	1	1	2	1	2	2	2	1	1	1	1	1	1	1	1	1	1	1	1	1	1	1	1	2	1	1	1	1	1	1	1	1	1	4	1	1	1	1	1	1	1	5	1	1	1	1	1	1	1	1	2	1	2	1	2	2	2	1	1	1	1	1	2	1	1	1	1	1	1	1	1	1	2	0.2345514
1	1	1	2	1	1	2	2	3	1	2	2	2	1	2	1	2	1	1	1	2	1	1	1	1	2	2	2	1	2	1	2	2	2	1	2	1	1	2	1	1	1	1	2	1	1	1	1	1	1	1	1	1	1	1	1	1	1	1	1	4	1	2	1	2	1	1	1	5	1	1	1	1	1	1	1	1	2	1	2	1	2	2	2	1	1	2	1	1	2	1	2	1	1	1	1	1	1	1	2	0.2886804
1	1	1	2	1	1	1	2	3	1	2	2	1	1	2	1	1	1	1	1	2	1	1	1	1	1	1	1	1	2	1	2	2	1	1	1	1	1	1	1	1	1	1	1	1	1	1	1	1	1	1	2	1	1	1	1	1	1	1	1	4	1	1	1	1	1	1	1	5	1	1	1	2	1	1	1	1	2	1	2	1	1	2	2	1	1	2	1	1	1	1	1	1	1	1	1	1	1	1	1	0.5327784
1	1	1	2	1	1	1	2	3	1	2	2	2	1	2	1	1	1	1	1	2	1	1	1	1	1	1	2	1	2	1	2	2	2	1	1	2	1	1	1	1	1	1	1	1	1	1	1	1	1	1	1	1	1	1	1	1	1	1	1	4	1	1	2	1	1	1	1	5	1	1	1	2	1	1	1	1	2	1	2	1	2	2	2	2	1	1	1	1	2	1	1	1	1	1	1	2	1	1	2	1.635589
1	2	2	1	2	2	2	1	3	2	1	1	1	2	2	2	2	2	2	2	1	2	2	2	2	2	2	2	2	1	2	1	1	1	2	2	2	2	2	2	2	2	2	1	1	2	2	2	2	2	2	2	1	2	2	2	2	2	2	2	4	2	1	2	2	2	2	2	5	2	2	2	2	2	2	2	2	1	2	1	2	2	1	1	2	2	1	2	2	1	2	2	2	2	2	2	2	2	2	1	1.179167
1	2	2	1	2	2	2	1	3	2	1	1	1	2	1	2	2	2	2	2	1	2	2	2	2	1	2	1	2	1	2	1	1	3	2	2	2	2	2	2	1	2	2	2	2	2	2	2	2	1	2	2	2	2	2	2	2	2	2	2	4	2	2	2	2	2	2	2	5	2	2	2	2	2	2	2	2	1	2	1	2	1	1	1	2	2	2	2	2	1	2	2	2	2	2	2	2	2	2	2	0.5439564
1	2	2	1	2	2	2	1	3	2	1	1	1	2	2	2	2	2	2	2	1	2	2	2	2	2	1	1	2	1	2	1	1	1	2	2	2	2	1	1	1	2	2	1	2	2	2	2	2	2	2	1	1	2	2	2	2	2	2	2	4	2	1	2	1	2	2	2	5	2	2	2	2	2	2	2	2	1	2	1	2	1	1	1	2	2	1	2	2	1	2	2	2	2	2	2	2	2	2	1	1.027262
1	2	2	1	2	2	1	1	3	2	1	1	1	2	1	2	2	2	2	2	1	2	2	2	2	1	2	1	2	1	2	1	1	1	2	1	2	2	2	1	2	2	2	1	2	2	2	2	2	1	2	2	2	2	2	2	2	2	2	2	4	1	1	2	1	2	2	2	5	2	2	2	2	2	1	2	2	1	2	1	2	1	1	1	2	2	1	2	2	1	2	2	2	2	2	2	2	2	2	1	0.2939473
1	2	2	1	2	2	2	1	3	2	1	1	1	2	2	2	2	2	2	2	1	2	2	2	2	2	1	1	2	1	2	1	1	1	2	2	2	2	1	2	2	2	2	1	2	2	2	2	2	1	1	1	2	2	2	2	2	2	2	2	4	2	1	2	2	2	2	2	5	2	2	2	2	2	2	2	2	1	2	1	2	1	1	1	2	2	1	1	2	1	2	2	2	2	2	2	2	2	2	1	0.3488304
1	2	2	1	2	2	1	1	3	2	1	1	2	2	2	2	2	2	2	2	1	2	2	2	2	2	1	1	1	1	2	1	1	1	2	2	2	2	2	2	1	2	2	2	2	2	2	2	2	2	2	1	1	2	2	2	2	2	2	2	4	2	2	2	2	2	2	2	5	2	2	2	2	2	2	2	2	2	2	1	2	1	2	1	2	2	1	2	2	1	2	2	2	2	2	2	2	2	2	1	0.723052
1	1	1	2	1	1	2	2	3	1	2	2	2	1	2	1	1	1	1	1	2	1	1	1	1	1	2	2	1	2	1	2	2	2	1	1	1	1	1	1	1	1	1	2	1	1	1	1	1	1	1	1	1	1	1	1	1	1	1	1	4	1	1	1	1	1	1	1	5	1	1	1	1	1	1	1	1	1	1	2	1	1	1	2	1	1	1	1	1	2	1	1	1	1	1	1	1	1	1	1	1.114664
1	2	2	1	2	2	1	1	3	2	1	1	1	2	2	2	2	2	2	2	1	2	2	2	1	2	2	1	2	1	2	1	1	1	2	2	2	2	2	2	1	2	2	1	2	1	2	1	2	2	2	1	2	2	2	2	1	2	2	2	4	2	1	1	2	2	2	2	5	2	2	2	1	2	2	2	2	1	2	1	2	1	1	1	2	2	1	2	2	1	2	2	2	2	2	2	2	2	2	1	1.085757
1	1	1	2	1	1	1	2	3	1	2	2	1	1	1	1	1	1	1	1	2	1	1	1	1	1	1	2	1	2	1	2	2	2	1	1	1	1	1	1	1	1	1	2	1	1	1	1	1	1	2	1	1	1	1	1	1	1	1	1	4	1	2	1	1	1	1	1	5	1	1	1	2	1	1	1	1	2	1	2	1	2	1	1	1	1	2	2	1	2	1	1	1	1	1	1	1	1	1	2	0.6158314
