This is pdfTeX, Version 3.14159265-2.6-1.40.19 (TeX Live 2018) (preloaded format=pdflatex 2019.3.27)  26 APR 2019 01:06
entering extended mode
 restricted \write18 enabled.
 %&-line parsing enabled.
**animation.tex
(./animation.tex
LaTeX2e <2018-12-01>
(/usr/local/texlive/2018/texmf-dist/tex/latex/base/article.cls
Document Class: article 2018/09/03 v1.4i Standard LaTeX document class
(/usr/local/texlive/2018/texmf-dist/tex/latex/base/size10.clo
File: size10.clo 2018/09/03 v1.4i Standard LaTeX file (size option)
)
\c@part=\count80
\c@section=\count81
\c@subsection=\count82
\c@subsubsection=\count83
\c@paragraph=\count84
\c@subparagraph=\count85
\c@figure=\count86
\c@table=\count87
\abovecaptionskip=\skip41
\belowcaptionskip=\skip42
\bibindent=\dimen102
) (./animate.sty
Package: animate 2010/09/28 PDF animations from files and inline graphics

(/usr/local/texlive/2018/texmf-dist/tex/latex/graphics/keyval.sty
Package: keyval 2014/10/28 v1.15 key=value parser (DPC)
\KV@toks@=\toks14
)
(/usr/local/texlive/2018/texmf-dist/tex/latex/base/ifthen.sty
Package: ifthen 2014/09/29 v1.1c Standard LaTeX ifthen package (DPC)
)
(/usr/local/texlive/2018/texmf-dist/tex/generic/oberdiek/ifpdf.sty
Package: ifpdf 2018/09/07 v3.3 Provides the ifpdf switch
)
(/usr/local/texlive/2018/texmf-dist/tex/latex/oberdiek/ifdraft.sty
Package: ifdraft 2016/05/16 v1.4 Detect class options draft and final (HO)
)
(/usr/local/texlive/2018/texmf-dist/tex/latex/tools/calc.sty
Package: calc 2017/05/25 v4.3 Infix arithmetic (KKT,FJ)
\calc@Acount=\count88
\calc@Bcount=\count89
\calc@Adimen=\dimen103
\calc@Bdimen=\dimen104
\calc@Askip=\skip43
\calc@Bskip=\skip44
LaTeX Info: Redefining \setlength on input line 80.
LaTeX Info: Redefining \addtolength on input line 81.
\calc@Ccount=\count90
\calc@Cskip=\skip45
) (./animfp.sty
Package: animfp 2009/07/23 fixed point addition for animate.sty
\afp@xs=\count91
\afp@xia=\count92
\afp@xib=\count93
\afp@xfa=\count94
\afp@xfb=\count95
\afp@rega=\count96
\afp@regb=\count97
\afp@regs=\count98
)
(/usr/local/texlive/2018/texmf-dist/tex/context/base/mkii/supp-pdf.mkii
[Loading MPS to PDF converter (version 2006.09.02).]
\scratchcounter=\count99
\scratchdimen=\dimen105
\scratchbox=\box27
\nofMPsegments=\count100
\nofMParguments=\count101
\everyMPshowfont=\toks15
\MPscratchCnt=\count102
\MPscratchDim=\dimen106
\MPnumerator=\count103
\makeMPintoPDFobject=\count104
\everyMPtoPDFconversion=\toks16
)
\@anim@@fields=\count105
\@anim@@ocgs=\count106
\@anim@@posterocgs=\count107
\@anim@box=\box28
\@anim@tmpdima=\dimen107
\@anim@tmpdimb=\dimen108
\@anim@num=\count108
\@anim@curframe=\count109
\@anim@curframe@zb=\count110
\@anim@resize=\count111
\@anim@skipfram=\count112
\@anim@mulframecnt=\count113
\@anim@@tmlnfile=\read1
\@anim@tmpcnt=\count114
\c@@anim@tmpcnt=\count115
\@anim@curlayer=\count116
\@anim@lineno=\count117
\@anim@begin=\toks17
\@anim@end=\toks18
)
No file animation.aux.
\openout1 = `animation.aux'.

LaTeX Font Info:    Checking defaults for OML/cmm/m/it on input line 3.
LaTeX Font Info:    ... okay on input line 3.
LaTeX Font Info:    Checking defaults for T1/cmr/m/n on input line 3.
LaTeX Font Info:    ... okay on input line 3.
LaTeX Font Info:    Checking defaults for OT1/cmr/m/n on input line 3.
LaTeX Font Info:    ... okay on input line 3.
LaTeX Font Info:    Checking defaults for OMS/cmsy/m/n on input line 3.
LaTeX Font Info:    ... okay on input line 3.
LaTeX Font Info:    Checking defaults for OMX/cmex/m/n on input line 3.
LaTeX Font Info:    ... okay on input line 3.
LaTeX Font Info:    Checking defaults for U/cmr/m/n on input line 3.
LaTeX Font Info:    ... okay on input line 3.
 <./Rplot1.png> <./Rplot2.png> <./Rplot3.png> <./Rplot4.png> <./Rplot5.png> <./
Rplot6.png> <./Rplot7.png> <./Rplot8.png> <./Rplot9.png> <./Rplot10.png> <./Rpl
ot11.png> <./Rplot12.png> <./Rplot13.png> <./Rplot14.png> <./Rplot15.png> <./Rp
lot16.png> <./Rplot17.png> <./Rplot18.png> <./Rplot19.png> <./Rplot20.png>
[1{/usr/local/texlive/2018/texmf-var/fonts/map/pdftex/updmap/pdftex.map}]
(./animation.aux) ) 
Here is how much of TeX's memory you used:
 1216 strings out of 492616
 17301 string characters out of 6128982
 90113 words of memory out of 5000000
 5159 multiletter control sequences out of 15000+600000
 3640 words of font info for 14 fonts, out of 8000000 for 9000
 1141 hyphenation exceptions out of 8191
 23i,4n,23p,188b,222s stack positions out of 5000i,500n,10000p,200000b,80000s
</usr/local/texlive/2018/texmf-dist/fonts/type1/public/amsfo
nts/cm/cmr10.pfb>
Output written on animation.pdf (1 page, 7607306 bytes).
PDF statistics:
 184 PDF objects out of 1000 (max. 8388607)
 85 compressed objects within 1 object stream
 0 named destinations out of 1000 (max. 500000)
 425 words of extra memory for PDF output out of 10000 (max. 10000000)

